21:17:43 **** Incremental Build of configuration Debug for project FSBL ****
make pre-build main-build 
a9-linaro-pre-build-step
 
Building target: FSBL.elf
Invoking: ARM v7 gcc linker
arm-none-eabi-gcc -L"/home/gnaylor/Dropbox/N3workingG/TE0722Rebuild/N3Vivado/N3Z_TD_FIFO/N3Z_TD_FIFO.sdk/FSBL/src" -mcpu=cortex-a9 -mfpu=vfpv3 -mfloat-abi=hard -Wl,-build-id=none -specs=Xilinx.spec -Wl,-T -Wl,../src/lscript.ld -L../../FSBL_bsp/ps7_cortexa9_0/lib -o "FSBL.elf"  ./src/fsbl_handoff.o ./src/fsbl_hooks.o ./src/image_mover.o ./src/main.o ./src/md5.o ./src/nand.o ./src/nor.o ./src/pcap\ (Graham\ NAYLOR's\ conflicted\ copy\ 2017-08-02).o ./src/pcap.o ./src/ps7_init.o ./src/qspi.o ./src/rsa.o ./src/sd.o   -Wl,--start-group,-lxil,-lgcc,-lc,--end-group -Wl,--start-group,-lxilffs,-lxil,-lgcc,-lc,--end-group -Wl,--start-group,-lrsa,-lxil,-lgcc,-lc,--end-group
/bin/sh: 1: Syntax error: "(" unexpected
make: *** [FSBL.elf] Error 2
21:17:48 **** Incremental Build of configuration Debug for project FSBL ****
make pre-build main-build 
a9-linaro-pre-build-step
 
Building target: FSBL.elf
Invoking: ARM v7 gcc linker
arm-none-eabi-gcc -L"/home/gnaylor/Dropbox/N3workingG/TE0722Rebuild/N3Vivado/N3Z_TD_FIFO/N3Z_TD_FIFO.sdk/FSBL/src" -mcpu=cortex-a9 -mfpu=vfpv3 -mfloat-abi=hard -Wl,-build-id=none -specs=Xilinx.spec -Wl,-T -Wl,../src/lscript.ld -L../../FSBL_bsp/ps7_cortexa9_0/lib -o "FSBL.elf"  ./src/fsbl_handoff.o ./src/fsbl_hooks.o ./src/image_mover.o ./src/main.o ./src/md5.o ./src/nand.o ./src/nor.o ./src/pcap\ (Graham\ NAYLOR's\ conflicted\ copy\ 2017-08-02).o ./src/pcap.o ./src/ps7_init.o ./src/qspi.o ./src/rsa.o ./src/sd.o   -Wl,--start-group,-lxil,-lgcc,-lc,--end-group -Wl,--start-group,-lxilffs,-lxil,-lgcc,-lc,--end-group -Wl,--start-group,-lrsa,-lxil,-lgcc,-lc,--end-group
/bin/sh: 1: Syntax error: "(" unexpected
make: *** [FSBL.elf] Error 2
21:17:49 **** Incremental Build of configuration Debug for project NicolaRadio ****
make pre-build main-build 
a9-linaro-pre-build-step
 
Building target: NicolaRadio.elf
Invoking: ARM v7 gcc linker
arm-none-eabi-gcc -mcpu=cortex-a9 -mfpu=vfpv3 -mfloat-abi=hard -Wl,-build-id=none -specs=Xilinx.spec -Xlinker -Map=Nicola.map -Wl,-T -Wl,../src/lscript.ld -L../../NicolaRadio_bsp/ps7_cortexa9_0/lib -o "NicolaRadio.elf"  ./src/portable/port.o ./src/portable/portASM.o  ./src/FreeRTOS_asm_vectors.o ./src/FreeRTOS_tick_config.o ./src/event_groups.o ./src/heap_4.o ./src/list.o ./src/main\ (Graham\ NAYLOR's\ conflicted\ copy\ 2017-08-02).o ./src/main.o ./src/platform.o ./src/printf-stdarg.o ./src/ps7_init_Nicola.o ./src/queue.o ./src/tasks.o ./src/timers.o  ./NicolaCode/Bluetooth\ (Graham\ NAYLOR's\ conflicted\ copy\ 2017-08-02).o ./NicolaCode/Bluetooth.o ./NicolaCode/ConsoleManager.o ./NicolaCode/DebugInterface.o ./NicolaCode/Flash-SDCard.o ./NicolaCode/LCD_Display\ (Graham\ NAYLOR's\ conflicted\ copy\ 2017-08-02).o ./NicolaCode/LCD_Display.o ./NicolaCode/PSPLComms\ (Graham\ NAYLOR's\ conflicted\ copy\ 2017-08-02).o ./NicolaCode/PSPLComms.o ./NicolaCode/RadioInterface\ (Graham\ NAYLOR's\ conflicted\ copy\ 2017-08-02).o ./NicolaCode/RadioInterface.o ./NicolaCode/RemoteProtocolHandler\ (Graham\ NAYLOR's\ conflicted\ copy\ 2017-08-02).o ./NicolaCode/RemoteProtocolHandler.o ./NicolaCode/xsdps.o   -Wl,--start-group,-lxil,-lgcc,-lc,--end-group
/bin/sh: 1: Syntax error: "(" unexpected
make: *** [NicolaRadio.elf] Error 2
