17:10:57 INFO  : Launching XSDB server: xsdb -n -interactive /home/gnaylor/Dropbox/N3workingG/TE0722Rebuild/N3Vivado/N3Z_TD_FIFO/N3Z_TD_FIFO.sdk/temp_xsdb_launch_script.tcl
17:10:59 INFO  : XSDB server has started successfully.
17:10:59 INFO  : Processing command line option -hwspec /home/gnaylor/Dropbox/N3workingG/TE0722Rebuild/N3Vivado/N3Z_TD_FIFO/N3Z_TD_FIFO.sdk/PS_PL_wrapper.hdf.
20:07:49 INFO  : Launching XSDB server: xsdb -n -interactive /home/gnaylor/Dropbox/N3workingG/TE0722Rebuild/N3Vivado/N3Z_TD_FIFO/N3Z_TD_FIFO.sdk/temp_xsdb_launch_script.tcl
20:07:50 INFO  : XSDB server has started successfully.
20:07:55 INFO  : Processing command line option -hwspec /home/gnaylor/Dropbox/N3workingG/TE0722Rebuild/N3Vivado/N3Z_TD_FIFO/N3Z_TD_FIFO.sdk/PS_PL_wrapper.hdf.
20:07:56 INFO  : Checking for hwspec changes in the project PS_PL_wrapper_hw_platform_0.
19:10:10 INFO  : 'targets -set -filter {jtag_cable_name =~ "Digilent JTAG-HS2 210249A0CF17" && level==0} -index 1' command is executed.
19:10:10 INFO  : 'fpga -state' command is executed.
19:10:10 INFO  : Connected to target on host '127.0.0.1' and port '3121'.
19:10:10 INFO  : Jtag cable 'Digilent JTAG-HS2 210249A0CF17' is selected.
19:10:10 INFO  : 'jtag frequency' command is executed.
19:10:10 INFO  : Sourcing of '/home/gnaylor/Dropbox/N3workingG/TE0722Rebuild/N3Vivado/N3Z_TD_FIFO/N3Z_TD_FIFO.sdk/PS_PL_wrapper_hw_platform_0/ps7_init.tcl' is done.
19:10:10 INFO  : 'targets -set -filter {name =~"APU" && jtag_cable_name =~ "Digilent JTAG-HS2 210249A0CF17"} -index 0' command is executed.
19:10:10 INFO  : Hardware design information is loaded from '/home/gnaylor/Dropbox/N3workingG/TE0722Rebuild/N3Vivado/N3Z_TD_FIFO/N3Z_TD_FIFO.sdk/PS_PL_wrapper_hw_platform_0/system.hdf'.
19:10:10 INFO  : 'targets -set -filter {name =~"APU" && jtag_cable_name =~ "Digilent JTAG-HS2 210249A0CF17"} -index 0' command is executed.
19:10:10 INFO  : 'stop' command is executed.
19:10:10 INFO  : 'ps7_init' command is executed.
19:10:10 INFO  : 'ps7_post_config' command is executed.
19:10:10 INFO  : Context for processor 'ps7_cortexa9_0' is selected.
19:10:10 INFO  : Processor reset is completed for 'ps7_cortexa9_0'.
19:10:10 INFO  : Context for processor 'ps7_cortexa9_0' is selected.
19:10:10 INFO  : The application '/home/gnaylor/Dropbox/N3workingG/TE0722Rebuild/N3Vivado/N3Z_TD_FIFO/N3Z_TD_FIFO.sdk/NicolaRadio/Debug/NicolaRadio.elf' is downloaded to processor 'ps7_cortexa9_0'.
19:10:10 INFO  : ----------------XSDB Script----------------
connect -url tcp:127.0.0.1:3121
source /home/gnaylor/Dropbox/N3workingG/TE0722Rebuild/N3Vivado/N3Z_TD_FIFO/N3Z_TD_FIFO.sdk/PS_PL_wrapper_hw_platform_0/ps7_init.tcl
targets -set -filter {name =~"APU" && jtag_cable_name =~ "Digilent JTAG-HS2 210249A0CF17"} -index 0
loadhw /home/gnaylor/Dropbox/N3workingG/TE0722Rebuild/N3Vivado/N3Z_TD_FIFO/N3Z_TD_FIFO.sdk/PS_PL_wrapper_hw_platform_0/system.hdf
targets -set -filter {name =~"APU" && jtag_cable_name =~ "Digilent JTAG-HS2 210249A0CF17"} -index 0
stop
ps7_init
ps7_post_config
targets -set -nocase -filter {name =~ "ARM*#0" && jtag_cable_name =~ "Digilent JTAG-HS2 210249A0CF17"} -index 0
rst -processor
targets -set -nocase -filter {name =~ "ARM*#0" && jtag_cable_name =~ "Digilent JTAG-HS2 210249A0CF17"} -index 0
dow /home/gnaylor/Dropbox/N3workingG/TE0722Rebuild/N3Vivado/N3Z_TD_FIFO/N3Z_TD_FIFO.sdk/NicolaRadio/Debug/NicolaRadio.elf
----------------End of Script----------------

19:10:11 INFO  : Memory regions updated for context APU
19:10:11 INFO  : Context for processor 'ps7_cortexa9_0' is selected.
19:10:11 INFO  : 'con' command is executed.
19:10:11 INFO  : ----------------XSDB Script (After Launch)----------------
targets -set -nocase -filter {name =~ "ARM*#0" && jtag_cable_name =~ "Digilent JTAG-HS2 210249A0CF17"} -index 0
con
----------------End of Script----------------

19:10:11 INFO  : Launch script is exported to file '/home/gnaylor/Dropbox/N3workingG/TE0722Rebuild/N3Vivado/N3Z_TD_FIFO/N3Z_TD_FIFO.sdk/.sdk/launch_scripts/xilinx_c-c++_application_(system_debugger)/system_debugger_on_local_nicolaradio.elf.tcl'
19:13:02 INFO  : Disconnected from the channel tcfchan#1.
19:13:02 INFO  : 'targets -set -filter {jtag_cable_name =~ "Digilent JTAG-HS2 210249A0CF17" && level==0} -index 1' command is executed.
19:13:02 INFO  : 'fpga -state' command is executed.
19:13:02 INFO  : Connected to target on host '127.0.0.1' and port '3121'.
19:13:02 INFO  : Jtag cable 'Digilent JTAG-HS2 210249A0CF17' is selected.
19:13:02 INFO  : 'jtag frequency' command is executed.
19:13:02 INFO  : Sourcing of '/home/gnaylor/Dropbox/N3workingG/TE0722Rebuild/N3Vivado/N3Z_TD_FIFO/N3Z_TD_FIFO.sdk/PS_PL_wrapper_hw_platform_0/ps7_init.tcl' is done.
19:13:02 INFO  : 'targets -set -filter {name =~"APU" && jtag_cable_name =~ "Digilent JTAG-HS2 210249A0CF17"} -index 0' command is executed.
19:13:05 INFO  : Hardware design information is loaded from '/home/gnaylor/Dropbox/N3workingG/TE0722Rebuild/N3Vivado/N3Z_TD_FIFO/N3Z_TD_FIFO.sdk/PS_PL_wrapper_hw_platform_0/system.hdf'.
19:13:05 INFO  : 'targets -set -filter {name =~"APU" && jtag_cable_name =~ "Digilent JTAG-HS2 210249A0CF17"} -index 0' command is executed.
19:13:05 INFO  : 'stop' command is executed.
19:13:06 INFO  : 'ps7_init' command is executed.
19:13:06 INFO  : 'ps7_post_config' command is executed.
19:13:06 INFO  : Context for processor 'ps7_cortexa9_0' is selected.
19:13:06 INFO  : Processor reset is completed for 'ps7_cortexa9_0'.
19:13:06 INFO  : Context for processor 'ps7_cortexa9_0' is selected.
19:13:06 INFO  : The application '/home/gnaylor/Dropbox/N3workingG/TE0722Rebuild/N3Vivado/N3Z_TD_FIFO/N3Z_TD_FIFO.sdk/NicolaRadio/Debug/NicolaRadio.elf' is downloaded to processor 'ps7_cortexa9_0'.
19:13:06 INFO  : ----------------XSDB Script----------------
connect -url tcp:127.0.0.1:3121
source /home/gnaylor/Dropbox/N3workingG/TE0722Rebuild/N3Vivado/N3Z_TD_FIFO/N3Z_TD_FIFO.sdk/PS_PL_wrapper_hw_platform_0/ps7_init.tcl
targets -set -filter {name =~"APU" && jtag_cable_name =~ "Digilent JTAG-HS2 210249A0CF17"} -index 0
loadhw /home/gnaylor/Dropbox/N3workingG/TE0722Rebuild/N3Vivado/N3Z_TD_FIFO/N3Z_TD_FIFO.sdk/PS_PL_wrapper_hw_platform_0/system.hdf
targets -set -filter {name =~"APU" && jtag_cable_name =~ "Digilent JTAG-HS2 210249A0CF17"} -index 0
stop
ps7_init
ps7_post_config
targets -set -nocase -filter {name =~ "ARM*#0" && jtag_cable_name =~ "Digilent JTAG-HS2 210249A0CF17"} -index 0
rst -processor
targets -set -nocase -filter {name =~ "ARM*#0" && jtag_cable_name =~ "Digilent JTAG-HS2 210249A0CF17"} -index 0
dow /home/gnaylor/Dropbox/N3workingG/TE0722Rebuild/N3Vivado/N3Z_TD_FIFO/N3Z_TD_FIFO.sdk/NicolaRadio/Debug/NicolaRadio.elf
----------------End of Script----------------

19:13:06 INFO  : Memory regions updated for context APU
19:13:06 INFO  : Context for processor 'ps7_cortexa9_0' is selected.
19:13:06 INFO  : 'con' command is executed.
19:13:06 INFO  : ----------------XSDB Script (After Launch)----------------
targets -set -nocase -filter {name =~ "ARM*#0" && jtag_cable_name =~ "Digilent JTAG-HS2 210249A0CF17"} -index 0
con
----------------End of Script----------------

19:13:06 INFO  : Launch script is exported to file '/home/gnaylor/Dropbox/N3workingG/TE0722Rebuild/N3Vivado/N3Z_TD_FIFO/N3Z_TD_FIFO.sdk/.sdk/launch_scripts/xilinx_c-c++_application_(system_debugger)/system_debugger_on_local_nicolaradio.elf.tcl'
19:14:31 INFO  : Disconnected from the channel tcfchan#2.
19:14:31 INFO  : 'targets -set -filter {jtag_cable_name =~ "Digilent JTAG-HS2 210249A0CF17" && level==0} -index 1' command is executed.
19:14:31 INFO  : 'fpga -state' command is executed.
19:14:31 INFO  : Connected to target on host '127.0.0.1' and port '3121'.
19:14:31 INFO  : Jtag cable 'Digilent JTAG-HS2 210249A0CF17' is selected.
19:14:31 INFO  : 'jtag frequency' command is executed.
19:14:31 INFO  : Sourcing of '/home/gnaylor/Dropbox/N3workingG/TE0722Rebuild/N3Vivado/N3Z_TD_FIFO/N3Z_TD_FIFO.sdk/PS_PL_wrapper_hw_platform_0/ps7_init.tcl' is done.
19:14:31 INFO  : 'targets -set -filter {name =~"APU" && jtag_cable_name =~ "Digilent JTAG-HS2 210249A0CF17"} -index 0' command is executed.
19:14:34 INFO  : Hardware design information is loaded from '/home/gnaylor/Dropbox/N3workingG/TE0722Rebuild/N3Vivado/N3Z_TD_FIFO/N3Z_TD_FIFO.sdk/PS_PL_wrapper_hw_platform_0/system.hdf'.
19:14:34 INFO  : 'targets -set -filter {name =~"APU" && jtag_cable_name =~ "Digilent JTAG-HS2 210249A0CF17"} -index 0' command is executed.
19:14:34 INFO  : 'stop' command is executed.
19:14:34 INFO  : 'ps7_init' command is executed.
19:14:34 INFO  : 'ps7_post_config' command is executed.
19:14:34 INFO  : Context for processor 'ps7_cortexa9_0' is selected.
19:14:34 INFO  : Processor reset is completed for 'ps7_cortexa9_0'.
19:14:35 INFO  : Context for processor 'ps7_cortexa9_0' is selected.
19:14:35 INFO  : The application '/home/gnaylor/Dropbox/N3workingG/TE0722Rebuild/N3Vivado/N3Z_TD_FIFO/N3Z_TD_FIFO.sdk/NicolaRadio/Debug/NicolaRadio.elf' is downloaded to processor 'ps7_cortexa9_0'.
19:14:35 INFO  : ----------------XSDB Script----------------
connect -url tcp:127.0.0.1:3121
source /home/gnaylor/Dropbox/N3workingG/TE0722Rebuild/N3Vivado/N3Z_TD_FIFO/N3Z_TD_FIFO.sdk/PS_PL_wrapper_hw_platform_0/ps7_init.tcl
targets -set -filter {name =~"APU" && jtag_cable_name =~ "Digilent JTAG-HS2 210249A0CF17"} -index 0
loadhw /home/gnaylor/Dropbox/N3workingG/TE0722Rebuild/N3Vivado/N3Z_TD_FIFO/N3Z_TD_FIFO.sdk/PS_PL_wrapper_hw_platform_0/system.hdf
targets -set -filter {name =~"APU" && jtag_cable_name =~ "Digilent JTAG-HS2 210249A0CF17"} -index 0
stop
ps7_init
ps7_post_config
targets -set -nocase -filter {name =~ "ARM*#0" && jtag_cable_name =~ "Digilent JTAG-HS2 210249A0CF17"} -index 0
rst -processor
targets -set -nocase -filter {name =~ "ARM*#0" && jtag_cable_name =~ "Digilent JTAG-HS2 210249A0CF17"} -index 0
dow /home/gnaylor/Dropbox/N3workingG/TE0722Rebuild/N3Vivado/N3Z_TD_FIFO/N3Z_TD_FIFO.sdk/NicolaRadio/Debug/NicolaRadio.elf
----------------End of Script----------------

19:14:35 INFO  : Memory regions updated for context APU
19:14:35 INFO  : Context for processor 'ps7_cortexa9_0' is selected.
19:14:35 INFO  : 'con' command is executed.
19:14:35 INFO  : ----------------XSDB Script (After Launch)----------------
targets -set -nocase -filter {name =~ "ARM*#0" && jtag_cable_name =~ "Digilent JTAG-HS2 210249A0CF17"} -index 0
con
----------------End of Script----------------

19:14:35 INFO  : Launch script is exported to file '/home/gnaylor/Dropbox/N3workingG/TE0722Rebuild/N3Vivado/N3Z_TD_FIFO/N3Z_TD_FIFO.sdk/.sdk/launch_scripts/xilinx_c-c++_application_(system_debugger)/system_debugger_on_local_nicolaradio.elf.tcl'
20:27:09 INFO  : Disconnected from the channel tcfchan#3.
20:27:10 INFO  : 'targets -set -filter {jtag_cable_name =~ "Digilent JTAG-HS2 210249A0CF17" && level==0} -index 1' command is executed.
20:27:10 INFO  : 'fpga -state' command is executed.
20:27:10 INFO  : Connected to target on host '127.0.0.1' and port '3121'.
20:27:10 INFO  : Jtag cable 'Digilent JTAG-HS2 210249A0CF17' is selected.
20:27:10 INFO  : 'jtag frequency' command is executed.
20:27:10 INFO  : Sourcing of '/home/gnaylor/Dropbox/N3workingG/TE0722Rebuild/N3Vivado/N3Z_TD_FIFO/N3Z_TD_FIFO.sdk/PS_PL_wrapper_hw_platform_0/ps7_init.tcl' is done.
20:27:10 INFO  : 'targets -set -filter {name =~"APU" && jtag_cable_name =~ "Digilent JTAG-HS2 210249A0CF17"} -index 0' command is executed.
20:27:13 INFO  : Hardware design information is loaded from '/home/gnaylor/Dropbox/N3workingG/TE0722Rebuild/N3Vivado/N3Z_TD_FIFO/N3Z_TD_FIFO.sdk/PS_PL_wrapper_hw_platform_0/system.hdf'.
20:27:13 INFO  : 'targets -set -filter {name =~"APU" && jtag_cable_name =~ "Digilent JTAG-HS2 210249A0CF17"} -index 0' command is executed.
20:27:13 INFO  : 'stop' command is executed.
20:27:13 INFO  : 'ps7_init' command is executed.
20:27:13 INFO  : 'ps7_post_config' command is executed.
20:27:13 INFO  : Context for processor 'ps7_cortexa9_0' is selected.
20:27:13 INFO  : Processor reset is completed for 'ps7_cortexa9_0'.
20:27:13 INFO  : Context for processor 'ps7_cortexa9_0' is selected.
20:27:14 INFO  : The application '/home/gnaylor/Dropbox/N3workingG/TE0722Rebuild/N3Vivado/N3Z_TD_FIFO/N3Z_TD_FIFO.sdk/NicolaRadio/Debug/NicolaRadio.elf' is downloaded to processor 'ps7_cortexa9_0'.
20:27:14 INFO  : ----------------XSDB Script----------------
connect -url tcp:127.0.0.1:3121
source /home/gnaylor/Dropbox/N3workingG/TE0722Rebuild/N3Vivado/N3Z_TD_FIFO/N3Z_TD_FIFO.sdk/PS_PL_wrapper_hw_platform_0/ps7_init.tcl
targets -set -filter {name =~"APU" && jtag_cable_name =~ "Digilent JTAG-HS2 210249A0CF17"} -index 0
loadhw /home/gnaylor/Dropbox/N3workingG/TE0722Rebuild/N3Vivado/N3Z_TD_FIFO/N3Z_TD_FIFO.sdk/PS_PL_wrapper_hw_platform_0/system.hdf
targets -set -filter {name =~"APU" && jtag_cable_name =~ "Digilent JTAG-HS2 210249A0CF17"} -index 0
stop
ps7_init
ps7_post_config
targets -set -nocase -filter {name =~ "ARM*#0" && jtag_cable_name =~ "Digilent JTAG-HS2 210249A0CF17"} -index 0
rst -processor
targets -set -nocase -filter {name =~ "ARM*#0" && jtag_cable_name =~ "Digilent JTAG-HS2 210249A0CF17"} -index 0
dow /home/gnaylor/Dropbox/N3workingG/TE0722Rebuild/N3Vivado/N3Z_TD_FIFO/N3Z_TD_FIFO.sdk/NicolaRadio/Debug/NicolaRadio.elf
----------------End of Script----------------

20:27:14 INFO  : Memory regions updated for context APU
20:27:14 INFO  : Context for processor 'ps7_cortexa9_0' is selected.
20:27:14 INFO  : 'con' command is executed.
20:27:14 INFO  : ----------------XSDB Script (After Launch)----------------
targets -set -nocase -filter {name =~ "ARM*#0" && jtag_cable_name =~ "Digilent JTAG-HS2 210249A0CF17"} -index 0
con
----------------End of Script----------------

20:27:14 INFO  : Launch script is exported to file '/home/gnaylor/Dropbox/N3workingG/TE0722Rebuild/N3Vivado/N3Z_TD_FIFO/N3Z_TD_FIFO.sdk/.sdk/launch_scripts/xilinx_c-c++_application_(system_debugger)/system_debugger_on_local_nicolaradio.elf.tcl'
20:30:35 INFO  : Disconnected from the channel tcfchan#4.
20:30:35 INFO  : 'targets -set -filter {jtag_cable_name =~ "Digilent JTAG-HS2 210249A0CF17" && level==0} -index 1' command is executed.
20:30:35 INFO  : 'fpga -state' command is executed.
20:30:35 INFO  : Connected to target on host '127.0.0.1' and port '3121'.
20:30:35 INFO  : Jtag cable 'Digilent JTAG-HS2 210249A0CF17' is selected.
20:30:35 INFO  : 'jtag frequency' command is executed.
20:30:35 INFO  : Sourcing of '/home/gnaylor/Dropbox/N3workingG/TE0722Rebuild/N3Vivado/N3Z_TD_FIFO/N3Z_TD_FIFO.sdk/PS_PL_wrapper_hw_platform_0/ps7_init.tcl' is done.
20:30:35 INFO  : 'targets -set -filter {name =~"APU" && jtag_cable_name =~ "Digilent JTAG-HS2 210249A0CF17"} -index 0' command is executed.
20:30:38 INFO  : Hardware design information is loaded from '/home/gnaylor/Dropbox/N3workingG/TE0722Rebuild/N3Vivado/N3Z_TD_FIFO/N3Z_TD_FIFO.sdk/PS_PL_wrapper_hw_platform_0/system.hdf'.
20:30:38 INFO  : 'targets -set -filter {name =~"APU" && jtag_cable_name =~ "Digilent JTAG-HS2 210249A0CF17"} -index 0' command is executed.
20:30:38 INFO  : 'stop' command is executed.
20:30:39 INFO  : 'ps7_init' command is executed.
20:30:39 INFO  : 'ps7_post_config' command is executed.
20:30:39 INFO  : Context for processor 'ps7_cortexa9_0' is selected.
20:30:39 INFO  : Processor reset is completed for 'ps7_cortexa9_0'.
20:30:39 INFO  : Context for processor 'ps7_cortexa9_0' is selected.
20:30:39 INFO  : The application '/home/gnaylor/Dropbox/N3workingG/TE0722Rebuild/N3Vivado/N3Z_TD_FIFO/N3Z_TD_FIFO.sdk/NicolaRadio/Debug/NicolaRadio.elf' is downloaded to processor 'ps7_cortexa9_0'.
20:30:39 INFO  : ----------------XSDB Script----------------
connect -url tcp:127.0.0.1:3121
source /home/gnaylor/Dropbox/N3workingG/TE0722Rebuild/N3Vivado/N3Z_TD_FIFO/N3Z_TD_FIFO.sdk/PS_PL_wrapper_hw_platform_0/ps7_init.tcl
targets -set -filter {name =~"APU" && jtag_cable_name =~ "Digilent JTAG-HS2 210249A0CF17"} -index 0
loadhw /home/gnaylor/Dropbox/N3workingG/TE0722Rebuild/N3Vivado/N3Z_TD_FIFO/N3Z_TD_FIFO.sdk/PS_PL_wrapper_hw_platform_0/system.hdf
targets -set -filter {name =~"APU" && jtag_cable_name =~ "Digilent JTAG-HS2 210249A0CF17"} -index 0
stop
ps7_init
ps7_post_config
targets -set -nocase -filter {name =~ "ARM*#0" && jtag_cable_name =~ "Digilent JTAG-HS2 210249A0CF17"} -index 0
rst -processor
targets -set -nocase -filter {name =~ "ARM*#0" && jtag_cable_name =~ "Digilent JTAG-HS2 210249A0CF17"} -index 0
dow /home/gnaylor/Dropbox/N3workingG/TE0722Rebuild/N3Vivado/N3Z_TD_FIFO/N3Z_TD_FIFO.sdk/NicolaRadio/Debug/NicolaRadio.elf
----------------End of Script----------------

20:30:39 INFO  : Memory regions updated for context APU
20:30:39 INFO  : Context for processor 'ps7_cortexa9_0' is selected.
20:30:39 INFO  : 'con' command is executed.
20:30:39 INFO  : ----------------XSDB Script (After Launch)----------------
targets -set -nocase -filter {name =~ "ARM*#0" && jtag_cable_name =~ "Digilent JTAG-HS2 210249A0CF17"} -index 0
con
----------------End of Script----------------

20:30:39 INFO  : Launch script is exported to file '/home/gnaylor/Dropbox/N3workingG/TE0722Rebuild/N3Vivado/N3Z_TD_FIFO/N3Z_TD_FIFO.sdk/.sdk/launch_scripts/xilinx_c-c++_application_(system_debugger)/system_debugger_on_local_nicolaradio.elf.tcl'
20:42:28 INFO  : Disconnected from the channel tcfchan#5.
19:48:07 INFO  : Launching XSDB server: xsdb -n -interactive /home/gnaylor/Dropbox/N3workingG/TE0722Rebuild/N3Vivado/N3Z_TD_FIFO/N3Z_TD_FIFO.sdk/temp_xsdb_launch_script.tcl
19:48:08 INFO  : XSDB server has started successfully.
19:48:09 INFO  : Processing command line option -hwspec /home/gnaylor/Dropbox/N3workingG/TE0722Rebuild/N3Vivado/N3Z_TD_FIFO/N3Z_TD_FIFO.sdk/PS_PL_wrapper.hdf.
19:48:10 INFO  : Checking for hwspec changes in the project PS_PL_wrapper_hw_platform_0.
18:50:24 INFO  : 'targets -set -filter {jtag_cable_name =~ "Digilent JTAG-HS2 210249A0CF17" && level==0} -index 1' command is executed.
18:50:24 INFO  : 'fpga -state' command is executed.
18:50:24 INFO  : Connected to target on host '127.0.0.1' and port '3121'.
18:50:24 INFO  : Jtag cable 'Digilent JTAG-HS2 210249A0CF17' is selected.
18:50:24 INFO  : 'jtag frequency' command is executed.
18:50:24 INFO  : Sourcing of '/home/gnaylor/Dropbox/N3workingG/TE0722Rebuild/N3Vivado/N3Z_TD_FIFO/N3Z_TD_FIFO.sdk/PS_PL_wrapper_hw_platform_0/ps7_init.tcl' is done.
18:50:24 INFO  : 'targets -set -filter {name =~"APU" && jtag_cable_name =~ "Digilent JTAG-HS2 210249A0CF17"} -index 0' command is executed.
18:50:24 INFO  : Hardware design information is loaded from '/home/gnaylor/Dropbox/N3workingG/TE0722Rebuild/N3Vivado/N3Z_TD_FIFO/N3Z_TD_FIFO.sdk/PS_PL_wrapper_hw_platform_0/system.hdf'.
18:50:24 INFO  : 'targets -set -filter {name =~"APU" && jtag_cable_name =~ "Digilent JTAG-HS2 210249A0CF17"} -index 0' command is executed.
18:50:24 INFO  : 'stop' command is executed.
18:51:59 ERROR : 'ps7_init' is cancelled.
18:51:59 INFO  : ----------------XSDB Script----------------
connect -url tcp:127.0.0.1:3121
source /home/gnaylor/Dropbox/N3workingG/TE0722Rebuild/N3Vivado/N3Z_TD_FIFO/N3Z_TD_FIFO.sdk/PS_PL_wrapper_hw_platform_0/ps7_init.tcl
targets -set -filter {name =~"APU" && jtag_cable_name =~ "Digilent JTAG-HS2 210249A0CF17"} -index 0
loadhw /home/gnaylor/Dropbox/N3workingG/TE0722Rebuild/N3Vivado/N3Z_TD_FIFO/N3Z_TD_FIFO.sdk/PS_PL_wrapper_hw_platform_0/system.hdf
targets -set -filter {name =~"APU" && jtag_cable_name =~ "Digilent JTAG-HS2 210249A0CF17"} -index 0
stop
ps7_init
----------------End of Script----------------

18:54:22 INFO  : Launching XSDB server: xsdb -n -interactive /home/gnaylor/Dropbox/N3workingG/TE0722Rebuild/N3Vivado/N3Z_TD_FIFO/N3Z_TD_FIFO.sdk/temp_xsdb_launch_script.tcl
18:54:23 INFO  : XSDB server has started successfully.
18:54:23 INFO  : Processing command line option -hwspec /home/gnaylor/Dropbox/N3workingG/TE0722Rebuild/N3Vivado/N3Z_TD_FIFO/N3Z_TD_FIFO.sdk/PS_PL_wrapper.hdf.
18:54:26 INFO  : Checking for hwspec changes in the project PS_PL_wrapper_hw_platform_0.
18:54:47 INFO  : 'targets -set -filter {jtag_cable_name =~ "Digilent JTAG-HS2 210249A0CF17" && level==0} -index 1' command is executed.
18:54:47 INFO  : 'fpga -state' command is executed.
18:54:47 INFO  : Connected to target on host '127.0.0.1' and port '3121'.
18:54:48 INFO  : Jtag cable 'Digilent JTAG-HS2 210249A0CF17' is selected.
18:54:48 INFO  : 'jtag frequency' command is executed.
18:54:48 INFO  : Sourcing of '/home/gnaylor/Dropbox/N3workingG/TE0722Rebuild/N3Vivado/N3Z_TD_FIFO/N3Z_TD_FIFO.sdk/PS_PL_wrapper_hw_platform_0/ps7_init.tcl' is done.
18:54:48 INFO  : 'targets -set -filter {name =~"APU" && jtag_cable_name =~ "Digilent JTAG-HS2 210249A0CF17"} -index 0' command is executed.
18:54:48 INFO  : Hardware design information is loaded from '/home/gnaylor/Dropbox/N3workingG/TE0722Rebuild/N3Vivado/N3Z_TD_FIFO/N3Z_TD_FIFO.sdk/PS_PL_wrapper_hw_platform_0/system.hdf'.
18:54:48 INFO  : 'targets -set -filter {name =~"APU" && jtag_cable_name =~ "Digilent JTAG-HS2 210249A0CF17"} -index 0' command is executed.
18:54:48 INFO  : 'stop' command is executed.
18:56:51 ERROR : 'ps7_init' is cancelled.
18:56:51 INFO  : ----------------XSDB Script----------------
connect -url tcp:127.0.0.1:3121
source /home/gnaylor/Dropbox/N3workingG/TE0722Rebuild/N3Vivado/N3Z_TD_FIFO/N3Z_TD_FIFO.sdk/PS_PL_wrapper_hw_platform_0/ps7_init.tcl
targets -set -filter {name =~"APU" && jtag_cable_name =~ "Digilent JTAG-HS2 210249A0CF17"} -index 0
loadhw /home/gnaylor/Dropbox/N3workingG/TE0722Rebuild/N3Vivado/N3Z_TD_FIFO/N3Z_TD_FIFO.sdk/PS_PL_wrapper_hw_platform_0/system.hdf
targets -set -filter {name =~"APU" && jtag_cable_name =~ "Digilent JTAG-HS2 210249A0CF17"} -index 0
stop
ps7_init
----------------End of Script----------------

18:56:51 ERROR : Failed to connect to hardware server on host '127.0.0.1' and port '3121'.
Reason: 'connect -url tcp:127.0.0.1:3121' is cancelled.
18:56:51 INFO  : ----------------XSDB Script----------------
connect -url tcp:127.0.0.1:3121
----------------End of Script----------------

18:56:51 ERROR : Failed to connect to hardware server on host '127.0.0.1' and port '3121'.
Reason: 'connect -url tcp:127.0.0.1:3121' is cancelled.
18:56:51 INFO  : ----------------XSDB Script----------------
connect -url tcp:127.0.0.1:3121
----------------End of Script----------------

18:57:06 INFO  : Launching XSDB server: xsdb -n -interactive /home/gnaylor/Dropbox/N3workingG/TE0722Rebuild/N3Vivado/N3Z_TD_FIFO/N3Z_TD_FIFO.sdk/temp_xsdb_launch_script.tcl
18:57:07 INFO  : XSDB server has started successfully.
18:57:07 INFO  : Processing command line option -hwspec /home/gnaylor/Dropbox/N3workingG/TE0722Rebuild/N3Vivado/N3Z_TD_FIFO/N3Z_TD_FIFO.sdk/PS_PL_wrapper.hdf.
18:57:10 INFO  : Checking for hwspec changes in the project PS_PL_wrapper_hw_platform_0.
18:57:27 INFO  : Connected to target on host '127.0.0.1' and port '3121'.
18:57:28 INFO  : Jtag cable 'Digilent JTAG-HS2 210249A0CF17' is selected.
18:57:28 INFO  : 'jtag frequency' command is executed.
18:57:28 INFO  : Sourcing of '/home/gnaylor/Dropbox/N3workingG/TE0722Rebuild/N3Vivado/N3Z_TD_FIFO/N3Z_TD_FIFO.sdk/PS_PL_wrapper_hw_platform_0/ps7_init.tcl' is done.
18:57:28 INFO  : 'targets -set -filter {name =~"APU" && jtag_cable_name =~ "Digilent JTAG-HS2 210249A0CF17"} -index 0' command is executed.
18:57:28 INFO  : System reset is completed.
18:57:31 INFO  : 'after 3000' command is executed.
18:57:31 INFO  : 'targets -set -filter {jtag_cable_name =~ "Digilent JTAG-HS2 210249A0CF17" && level==0} -index 1' command is executed.
18:57:33 INFO  : FPGA configured successfully with bitstream "/home/gnaylor/Dropbox/N3workingG/TE0722Rebuild/N3Vivado/N3Z_TD_FIFO/N3Z_TD_FIFO.sdk/PS_PL_wrapper_hw_platform_0/PS_PL_wrapper.bit"
18:57:33 INFO  : 'targets -set -filter {name =~"APU" && jtag_cable_name =~ "Digilent JTAG-HS2 210249A0CF17"} -index 0' command is executed.
18:57:33 INFO  : Hardware design information is loaded from '/home/gnaylor/Dropbox/N3workingG/TE0722Rebuild/N3Vivado/N3Z_TD_FIFO/N3Z_TD_FIFO.sdk/PS_PL_wrapper_hw_platform_0/system.hdf'.
18:57:33 INFO  : 'targets -set -filter {name =~"APU" && jtag_cable_name =~ "Digilent JTAG-HS2 210249A0CF17"} -index 0' command is executed.
18:57:33 INFO  : 'ps7_init' command is executed.
18:57:33 INFO  : 'ps7_post_config' command is executed.
18:57:33 INFO  : Context for processor 'ps7_cortexa9_0' is selected.
18:57:34 INFO  : The application '/home/gnaylor/Dropbox/N3workingG/TE0722Rebuild/N3Vivado/N3Z_TD_FIFO/N3Z_TD_FIFO.sdk/NicolaRadio/Debug/NicolaRadio.elf' is downloaded to processor 'ps7_cortexa9_0'.
18:57:34 INFO  : ----------------XSDB Script----------------
connect -url tcp:127.0.0.1:3121
source /home/gnaylor/Dropbox/N3workingG/TE0722Rebuild/N3Vivado/N3Z_TD_FIFO/N3Z_TD_FIFO.sdk/PS_PL_wrapper_hw_platform_0/ps7_init.tcl
targets -set -filter {name =~"APU" && jtag_cable_name =~ "Digilent JTAG-HS2 210249A0CF17"} -index 0
rst -system
after 3000
targets -set -filter {jtag_cable_name =~ "Digilent JTAG-HS2 210249A0CF17" && level==0} -index 1
fpga -file /home/gnaylor/Dropbox/N3workingG/TE0722Rebuild/N3Vivado/N3Z_TD_FIFO/N3Z_TD_FIFO.sdk/PS_PL_wrapper_hw_platform_0/PS_PL_wrapper.bit
targets -set -filter {name =~"APU" && jtag_cable_name =~ "Digilent JTAG-HS2 210249A0CF17"} -index 0
loadhw /home/gnaylor/Dropbox/N3workingG/TE0722Rebuild/N3Vivado/N3Z_TD_FIFO/N3Z_TD_FIFO.sdk/PS_PL_wrapper_hw_platform_0/system.hdf
targets -set -filter {name =~"APU" && jtag_cable_name =~ "Digilent JTAG-HS2 210249A0CF17"} -index 0
ps7_init
ps7_post_config
targets -set -nocase -filter {name =~ "ARM*#0" && jtag_cable_name =~ "Digilent JTAG-HS2 210249A0CF17"} -index 0
dow /home/gnaylor/Dropbox/N3workingG/TE0722Rebuild/N3Vivado/N3Z_TD_FIFO/N3Z_TD_FIFO.sdk/NicolaRadio/Debug/NicolaRadio.elf
----------------End of Script----------------

18:57:34 INFO  : Memory regions updated for context APU
18:57:34 INFO  : Context for processor 'ps7_cortexa9_0' is selected.
18:57:34 INFO  : 'con' command is executed.
18:57:34 INFO  : ----------------XSDB Script (After Launch)----------------
targets -set -nocase -filter {name =~ "ARM*#0" && jtag_cable_name =~ "Digilent JTAG-HS2 210249A0CF17"} -index 0
con
----------------End of Script----------------

18:57:34 INFO  : Launch script is exported to file '/home/gnaylor/Dropbox/N3workingG/TE0722Rebuild/N3Vivado/N3Z_TD_FIFO/N3Z_TD_FIFO.sdk/.sdk/launch_scripts/xilinx_c-c++_application_(system_debugger)/system_debugger_on_local_nicolaradio.elf.tcl'
18:58:46 INFO  : Disconnected from the channel tcfchan#1.
18:58:47 INFO  : Connected to target on host '127.0.0.1' and port '3121'.
18:58:47 INFO  : Jtag cable 'Digilent JTAG-HS2 210249A0CF17' is selected.
18:58:47 INFO  : 'jtag frequency' command is executed.
18:58:47 INFO  : Sourcing of '/home/gnaylor/Dropbox/N3workingG/TE0722Rebuild/N3Vivado/N3Z_TD_FIFO/N3Z_TD_FIFO.sdk/PS_PL_wrapper_hw_platform_0/ps7_init.tcl' is done.
18:58:47 INFO  : 'targets -set -filter {name =~"APU" && jtag_cable_name =~ "Digilent JTAG-HS2 210249A0CF17"} -index 0' command is executed.
18:58:47 INFO  : System reset is completed.
18:58:50 INFO  : 'after 3000' command is executed.
18:58:50 INFO  : 'targets -set -filter {jtag_cable_name =~ "Digilent JTAG-HS2 210249A0CF17" && level==0} -index 1' command is executed.
18:58:55 INFO  : FPGA configured successfully with bitstream "/home/gnaylor/Dropbox/N3workingG/TE0722Rebuild/N3Vivado/N3Z_TD_FIFO/N3Z_TD_FIFO.sdk/PS_PL_wrapper_hw_platform_0/PS_PL_wrapper.bit"
18:58:55 INFO  : 'targets -set -filter {name =~"APU" && jtag_cable_name =~ "Digilent JTAG-HS2 210249A0CF17"} -index 0' command is executed.
18:58:58 INFO  : Hardware design information is loaded from '/home/gnaylor/Dropbox/N3workingG/TE0722Rebuild/N3Vivado/N3Z_TD_FIFO/N3Z_TD_FIFO.sdk/PS_PL_wrapper_hw_platform_0/system.hdf'.
18:58:58 INFO  : 'targets -set -filter {name =~"APU" && jtag_cable_name =~ "Digilent JTAG-HS2 210249A0CF17"} -index 0' command is executed.
18:58:58 INFO  : 'ps7_init' command is executed.
18:58:58 INFO  : 'ps7_post_config' command is executed.
18:58:58 INFO  : Context for processor 'ps7_cortexa9_0' is selected.
18:58:58 INFO  : The application '/home/gnaylor/Dropbox/N3workingG/TE0722Rebuild/N3Vivado/N3Z_TD_FIFO/N3Z_TD_FIFO.sdk/NicolaRadio/Debug/NicolaRadio.elf' is downloaded to processor 'ps7_cortexa9_0'.
18:58:58 INFO  : ----------------XSDB Script----------------
connect -url tcp:127.0.0.1:3121
source /home/gnaylor/Dropbox/N3workingG/TE0722Rebuild/N3Vivado/N3Z_TD_FIFO/N3Z_TD_FIFO.sdk/PS_PL_wrapper_hw_platform_0/ps7_init.tcl
targets -set -filter {name =~"APU" && jtag_cable_name =~ "Digilent JTAG-HS2 210249A0CF17"} -index 0
rst -system
after 3000
targets -set -filter {jtag_cable_name =~ "Digilent JTAG-HS2 210249A0CF17" && level==0} -index 1
fpga -file /home/gnaylor/Dropbox/N3workingG/TE0722Rebuild/N3Vivado/N3Z_TD_FIFO/N3Z_TD_FIFO.sdk/PS_PL_wrapper_hw_platform_0/PS_PL_wrapper.bit
targets -set -filter {name =~"APU" && jtag_cable_name =~ "Digilent JTAG-HS2 210249A0CF17"} -index 0
loadhw /home/gnaylor/Dropbox/N3workingG/TE0722Rebuild/N3Vivado/N3Z_TD_FIFO/N3Z_TD_FIFO.sdk/PS_PL_wrapper_hw_platform_0/system.hdf
targets -set -filter {name =~"APU" && jtag_cable_name =~ "Digilent JTAG-HS2 210249A0CF17"} -index 0
ps7_init
ps7_post_config
targets -set -nocase -filter {name =~ "ARM*#0" && jtag_cable_name =~ "Digilent JTAG-HS2 210249A0CF17"} -index 0
dow /home/gnaylor/Dropbox/N3workingG/TE0722Rebuild/N3Vivado/N3Z_TD_FIFO/N3Z_TD_FIFO.sdk/NicolaRadio/Debug/NicolaRadio.elf
----------------End of Script----------------

18:58:58 INFO  : Memory regions updated for context APU
18:58:58 INFO  : Context for processor 'ps7_cortexa9_0' is selected.
18:58:58 INFO  : 'con' command is executed.
18:58:58 INFO  : ----------------XSDB Script (After Launch)----------------
targets -set -nocase -filter {name =~ "ARM*#0" && jtag_cable_name =~ "Digilent JTAG-HS2 210249A0CF17"} -index 0
con
----------------End of Script----------------

18:58:58 INFO  : Launch script is exported to file '/home/gnaylor/Dropbox/N3workingG/TE0722Rebuild/N3Vivado/N3Z_TD_FIFO/N3Z_TD_FIFO.sdk/.sdk/launch_scripts/xilinx_c-c++_application_(system_debugger)/system_debugger_on_local_nicolaradio.elf.tcl'
19:06:00 INFO  : Disconnected from the channel tcfchan#2.
19:06:00 INFO  : Connected to target on host '127.0.0.1' and port '3121'.
19:06:00 INFO  : Jtag cable 'Digilent JTAG-HS2 210249A0CF17' is selected.
19:06:00 INFO  : 'jtag frequency' command is executed.
19:06:00 INFO  : Sourcing of '/home/gnaylor/Dropbox/N3workingG/TE0722Rebuild/N3Vivado/N3Z_TD_FIFO/N3Z_TD_FIFO.sdk/PS_PL_wrapper_hw_platform_0/ps7_init.tcl' is done.
19:06:00 INFO  : 'targets -set -filter {name =~"APU" && jtag_cable_name =~ "Digilent JTAG-HS2 210249A0CF17"} -index 0' command is executed.
19:06:00 INFO  : System reset is completed.
19:06:03 INFO  : 'after 3000' command is executed.
19:06:04 INFO  : 'targets -set -filter {jtag_cable_name =~ "Digilent JTAG-HS2 210249A0CF17" && level==0} -index 1' command is executed.
19:06:08 INFO  : FPGA configured successfully with bitstream "/home/gnaylor/Dropbox/N3workingG/TE0722Rebuild/N3Vivado/N3Z_TD_FIFO/N3Z_TD_FIFO.sdk/PS_PL_wrapper_hw_platform_0/PS_PL_wrapper.bit"
19:06:08 INFO  : 'targets -set -filter {name =~"APU" && jtag_cable_name =~ "Digilent JTAG-HS2 210249A0CF17"} -index 0' command is executed.
19:06:11 INFO  : Hardware design information is loaded from '/home/gnaylor/Dropbox/N3workingG/TE0722Rebuild/N3Vivado/N3Z_TD_FIFO/N3Z_TD_FIFO.sdk/PS_PL_wrapper_hw_platform_0/system.hdf'.
19:06:11 INFO  : 'targets -set -filter {name =~"APU" && jtag_cable_name =~ "Digilent JTAG-HS2 210249A0CF17"} -index 0' command is executed.
19:06:12 INFO  : 'ps7_init' command is executed.
19:06:12 INFO  : 'ps7_post_config' command is executed.
19:06:12 INFO  : Context for processor 'ps7_cortexa9_0' is selected.
19:06:12 INFO  : The application '/home/gnaylor/Dropbox/N3workingG/TE0722Rebuild/N3Vivado/N3Z_TD_FIFO/N3Z_TD_FIFO.sdk/NicolaRadio/Debug/NicolaRadio.elf' is downloaded to processor 'ps7_cortexa9_0'.
19:06:12 INFO  : ----------------XSDB Script----------------
connect -url tcp:127.0.0.1:3121
source /home/gnaylor/Dropbox/N3workingG/TE0722Rebuild/N3Vivado/N3Z_TD_FIFO/N3Z_TD_FIFO.sdk/PS_PL_wrapper_hw_platform_0/ps7_init.tcl
targets -set -filter {name =~"APU" && jtag_cable_name =~ "Digilent JTAG-HS2 210249A0CF17"} -index 0
rst -system
after 3000
targets -set -filter {jtag_cable_name =~ "Digilent JTAG-HS2 210249A0CF17" && level==0} -index 1
fpga -file /home/gnaylor/Dropbox/N3workingG/TE0722Rebuild/N3Vivado/N3Z_TD_FIFO/N3Z_TD_FIFO.sdk/PS_PL_wrapper_hw_platform_0/PS_PL_wrapper.bit
targets -set -filter {name =~"APU" && jtag_cable_name =~ "Digilent JTAG-HS2 210249A0CF17"} -index 0
loadhw /home/gnaylor/Dropbox/N3workingG/TE0722Rebuild/N3Vivado/N3Z_TD_FIFO/N3Z_TD_FIFO.sdk/PS_PL_wrapper_hw_platform_0/system.hdf
targets -set -filter {name =~"APU" && jtag_cable_name =~ "Digilent JTAG-HS2 210249A0CF17"} -index 0
ps7_init
ps7_post_config
targets -set -nocase -filter {name =~ "ARM*#0" && jtag_cable_name =~ "Digilent JTAG-HS2 210249A0CF17"} -index 0
dow /home/gnaylor/Dropbox/N3workingG/TE0722Rebuild/N3Vivado/N3Z_TD_FIFO/N3Z_TD_FIFO.sdk/NicolaRadio/Debug/NicolaRadio.elf
----------------End of Script----------------

19:06:12 INFO  : Memory regions updated for context APU
19:06:12 INFO  : Context for processor 'ps7_cortexa9_0' is selected.
19:06:12 INFO  : 'con' command is executed.
19:06:12 INFO  : ----------------XSDB Script (After Launch)----------------
targets -set -nocase -filter {name =~ "ARM*#0" && jtag_cable_name =~ "Digilent JTAG-HS2 210249A0CF17"} -index 0
con
----------------End of Script----------------

19:06:12 INFO  : Launch script is exported to file '/home/gnaylor/Dropbox/N3workingG/TE0722Rebuild/N3Vivado/N3Z_TD_FIFO/N3Z_TD_FIFO.sdk/.sdk/launch_scripts/xilinx_c-c++_application_(system_debugger)/system_debugger_on_local_nicolaradio.elf.tcl'
19:14:26 INFO  : Disconnected from the channel tcfchan#3.
19:14:26 INFO  : Connected to target on host '127.0.0.1' and port '3121'.
19:14:26 INFO  : Jtag cable 'Digilent JTAG-HS2 210249A0CF17' is selected.
19:14:26 INFO  : 'jtag frequency' command is executed.
19:14:26 INFO  : Sourcing of '/home/gnaylor/Dropbox/N3workingG/TE0722Rebuild/N3Vivado/N3Z_TD_FIFO/N3Z_TD_FIFO.sdk/PS_PL_wrapper_hw_platform_0/ps7_init.tcl' is done.
19:14:26 INFO  : 'targets -set -filter {name =~"APU" && jtag_cable_name =~ "Digilent JTAG-HS2 210249A0CF17"} -index 0' command is executed.
19:14:26 INFO  : System reset is completed.
19:14:29 INFO  : 'after 3000' command is executed.
19:14:29 INFO  : 'targets -set -filter {jtag_cable_name =~ "Digilent JTAG-HS2 210249A0CF17" && level==0} -index 1' command is executed.
19:14:33 INFO  : FPGA configured successfully with bitstream "/home/gnaylor/Dropbox/N3workingG/TE0722Rebuild/N3Vivado/N3Z_TD_FIFO/N3Z_TD_FIFO.sdk/PS_PL_wrapper_hw_platform_0/PS_PL_wrapper.bit"
19:14:34 INFO  : 'targets -set -filter {name =~"APU" && jtag_cable_name =~ "Digilent JTAG-HS2 210249A0CF17"} -index 0' command is executed.
19:14:36 INFO  : Hardware design information is loaded from '/home/gnaylor/Dropbox/N3workingG/TE0722Rebuild/N3Vivado/N3Z_TD_FIFO/N3Z_TD_FIFO.sdk/PS_PL_wrapper_hw_platform_0/system.hdf'.
19:14:36 INFO  : 'targets -set -filter {name =~"APU" && jtag_cable_name =~ "Digilent JTAG-HS2 210249A0CF17"} -index 0' command is executed.
19:14:37 INFO  : 'ps7_init' command is executed.
19:14:37 INFO  : 'ps7_post_config' command is executed.
19:14:37 INFO  : Context for processor 'ps7_cortexa9_0' is selected.
19:14:37 INFO  : The application '/home/gnaylor/Dropbox/N3workingG/TE0722Rebuild/N3Vivado/N3Z_TD_FIFO/N3Z_TD_FIFO.sdk/NicolaRadio/Debug/NicolaRadio.elf' is downloaded to processor 'ps7_cortexa9_0'.
19:14:37 INFO  : ----------------XSDB Script----------------
connect -url tcp:127.0.0.1:3121
source /home/gnaylor/Dropbox/N3workingG/TE0722Rebuild/N3Vivado/N3Z_TD_FIFO/N3Z_TD_FIFO.sdk/PS_PL_wrapper_hw_platform_0/ps7_init.tcl
targets -set -filter {name =~"APU" && jtag_cable_name =~ "Digilent JTAG-HS2 210249A0CF17"} -index 0
rst -system
after 3000
targets -set -filter {jtag_cable_name =~ "Digilent JTAG-HS2 210249A0CF17" && level==0} -index 1
fpga -file /home/gnaylor/Dropbox/N3workingG/TE0722Rebuild/N3Vivado/N3Z_TD_FIFO/N3Z_TD_FIFO.sdk/PS_PL_wrapper_hw_platform_0/PS_PL_wrapper.bit
targets -set -filter {name =~"APU" && jtag_cable_name =~ "Digilent JTAG-HS2 210249A0CF17"} -index 0
loadhw /home/gnaylor/Dropbox/N3workingG/TE0722Rebuild/N3Vivado/N3Z_TD_FIFO/N3Z_TD_FIFO.sdk/PS_PL_wrapper_hw_platform_0/system.hdf
targets -set -filter {name =~"APU" && jtag_cable_name =~ "Digilent JTAG-HS2 210249A0CF17"} -index 0
ps7_init
ps7_post_config
targets -set -nocase -filter {name =~ "ARM*#0" && jtag_cable_name =~ "Digilent JTAG-HS2 210249A0CF17"} -index 0
dow /home/gnaylor/Dropbox/N3workingG/TE0722Rebuild/N3Vivado/N3Z_TD_FIFO/N3Z_TD_FIFO.sdk/NicolaRadio/Debug/NicolaRadio.elf
----------------End of Script----------------

19:14:37 INFO  : Memory regions updated for context APU
19:14:37 INFO  : Context for processor 'ps7_cortexa9_0' is selected.
19:14:37 INFO  : 'con' command is executed.
19:14:37 INFO  : ----------------XSDB Script (After Launch)----------------
targets -set -nocase -filter {name =~ "ARM*#0" && jtag_cable_name =~ "Digilent JTAG-HS2 210249A0CF17"} -index 0
con
----------------End of Script----------------

19:14:37 INFO  : Launch script is exported to file '/home/gnaylor/Dropbox/N3workingG/TE0722Rebuild/N3Vivado/N3Z_TD_FIFO/N3Z_TD_FIFO.sdk/.sdk/launch_scripts/xilinx_c-c++_application_(system_debugger)/system_debugger_on_local_nicolaradio.elf.tcl'
19:16:08 INFO  : Disconnected from the channel tcfchan#4.
19:16:08 INFO  : 'targets -set -filter {jtag_cable_name =~ "Digilent JTAG-HS2 210249A0CF17" && level==0} -index 1' command is executed.
19:16:08 INFO  : 'fpga -state' command is executed.
19:16:08 INFO  : Connected to target on host '127.0.0.1' and port '3121'.
19:16:09 INFO  : Jtag cable 'Digilent JTAG-HS2 210249A0CF17' is selected.
19:16:09 INFO  : 'jtag frequency' command is executed.
19:16:09 INFO  : Sourcing of '/home/gnaylor/Dropbox/N3workingG/TE0722Rebuild/N3Vivado/N3Z_TD_FIFO/N3Z_TD_FIFO.sdk/PS_PL_wrapper_hw_platform_0/ps7_init.tcl' is done.
19:16:09 INFO  : 'targets -set -filter {name =~"APU" && jtag_cable_name =~ "Digilent JTAG-HS2 210249A0CF17"} -index 0' command is executed.
19:16:11 INFO  : Hardware design information is loaded from '/home/gnaylor/Dropbox/N3workingG/TE0722Rebuild/N3Vivado/N3Z_TD_FIFO/N3Z_TD_FIFO.sdk/PS_PL_wrapper_hw_platform_0/system.hdf'.
19:16:11 INFO  : 'targets -set -filter {name =~"APU" && jtag_cable_name =~ "Digilent JTAG-HS2 210249A0CF17"} -index 0' command is executed.
19:16:11 INFO  : 'stop' command is executed.
19:16:12 INFO  : 'ps7_init' command is executed.
19:16:12 INFO  : 'ps7_post_config' command is executed.
19:16:12 INFO  : Context for processor 'ps7_cortexa9_0' is selected.
19:16:12 INFO  : Processor reset is completed for 'ps7_cortexa9_0'.
19:16:12 INFO  : Context for processor 'ps7_cortexa9_0' is selected.
19:16:12 INFO  : The application '/home/gnaylor/Dropbox/N3workingG/TE0722Rebuild/N3Vivado/N3Z_TD_FIFO/N3Z_TD_FIFO.sdk/FSBL/Debug/FSBL.elf' is downloaded to processor 'ps7_cortexa9_0'.
19:16:12 INFO  : ----------------XSDB Script----------------
connect -url tcp:127.0.0.1:3121
source /home/gnaylor/Dropbox/N3workingG/TE0722Rebuild/N3Vivado/N3Z_TD_FIFO/N3Z_TD_FIFO.sdk/PS_PL_wrapper_hw_platform_0/ps7_init.tcl
targets -set -filter {name =~"APU" && jtag_cable_name =~ "Digilent JTAG-HS2 210249A0CF17"} -index 0
loadhw /home/gnaylor/Dropbox/N3workingG/TE0722Rebuild/N3Vivado/N3Z_TD_FIFO/N3Z_TD_FIFO.sdk/PS_PL_wrapper_hw_platform_0/system.hdf
targets -set -filter {name =~"APU" && jtag_cable_name =~ "Digilent JTAG-HS2 210249A0CF17"} -index 0
stop
ps7_init
ps7_post_config
targets -set -nocase -filter {name =~ "ARM*#0" && jtag_cable_name =~ "Digilent JTAG-HS2 210249A0CF17"} -index 0
rst -processor
targets -set -nocase -filter {name =~ "ARM*#0" && jtag_cable_name =~ "Digilent JTAG-HS2 210249A0CF17"} -index 0
dow /home/gnaylor/Dropbox/N3workingG/TE0722Rebuild/N3Vivado/N3Z_TD_FIFO/N3Z_TD_FIFO.sdk/FSBL/Debug/FSBL.elf
----------------End of Script----------------

19:16:12 INFO  : Memory regions updated for context APU
19:16:12 INFO  : Context for processor 'ps7_cortexa9_0' is selected.
19:16:12 INFO  : 'con' command is executed.
19:16:12 INFO  : ----------------XSDB Script (After Launch)----------------
targets -set -nocase -filter {name =~ "ARM*#0" && jtag_cable_name =~ "Digilent JTAG-HS2 210249A0CF17"} -index 0
con
----------------End of Script----------------

19:16:12 INFO  : Launch script is exported to file '/home/gnaylor/Dropbox/N3workingG/TE0722Rebuild/N3Vivado/N3Z_TD_FIFO/N3Z_TD_FIFO.sdk/.sdk/launch_scripts/xilinx_c-c++_application_(system_debugger)/system_debugger_on_local_fsbl.elf.tcl'
19:16:21 INFO  : Disconnected from the channel tcfchan#5.
19:16:21 INFO  : 'targets -set -filter {jtag_cable_name =~ "Digilent JTAG-HS2 210249A0CF17" && level==0} -index 1' command is executed.
19:16:21 INFO  : 'fpga -state' command is executed.
19:16:21 INFO  : Connected to target on host '127.0.0.1' and port '3121'.
19:16:21 INFO  : Jtag cable 'Digilent JTAG-HS2 210249A0CF17' is selected.
19:16:21 INFO  : 'jtag frequency' command is executed.
19:16:21 INFO  : Sourcing of '/home/gnaylor/Dropbox/N3workingG/TE0722Rebuild/N3Vivado/N3Z_TD_FIFO/N3Z_TD_FIFO.sdk/PS_PL_wrapper_hw_platform_0/ps7_init.tcl' is done.
19:16:21 INFO  : 'targets -set -filter {name =~"APU" && jtag_cable_name =~ "Digilent JTAG-HS2 210249A0CF17"} -index 0' command is executed.
19:16:24 INFO  : Hardware design information is loaded from '/home/gnaylor/Dropbox/N3workingG/TE0722Rebuild/N3Vivado/N3Z_TD_FIFO/N3Z_TD_FIFO.sdk/PS_PL_wrapper_hw_platform_0/system.hdf'.
19:16:24 INFO  : 'targets -set -filter {name =~"APU" && jtag_cable_name =~ "Digilent JTAG-HS2 210249A0CF17"} -index 0' command is executed.
19:16:24 INFO  : 'stop' command is executed.
19:17:03 ERROR : 'ps7_init' is cancelled.
19:17:03 INFO  : ----------------XSDB Script----------------
connect -url tcp:127.0.0.1:3121
source /home/gnaylor/Dropbox/N3workingG/TE0722Rebuild/N3Vivado/N3Z_TD_FIFO/N3Z_TD_FIFO.sdk/PS_PL_wrapper_hw_platform_0/ps7_init.tcl
targets -set -filter {name =~"APU" && jtag_cable_name =~ "Digilent JTAG-HS2 210249A0CF17"} -index 0
loadhw /home/gnaylor/Dropbox/N3workingG/TE0722Rebuild/N3Vivado/N3Z_TD_FIFO/N3Z_TD_FIFO.sdk/PS_PL_wrapper_hw_platform_0/system.hdf
targets -set -filter {name =~"APU" && jtag_cable_name =~ "Digilent JTAG-HS2 210249A0CF17"} -index 0
stop
ps7_init
----------------End of Script----------------

19:17:26 INFO  : Launching XSDB server: xsdb -n -interactive /home/gnaylor/Dropbox/N3workingG/TE0722Rebuild/N3Vivado/N3Z_TD_FIFO/N3Z_TD_FIFO.sdk/temp_xsdb_launch_script.tcl
19:17:27 INFO  : XSDB server has started successfully.
19:17:28 INFO  : Processing command line option -hwspec /home/gnaylor/Dropbox/N3workingG/TE0722Rebuild/N3Vivado/N3Z_TD_FIFO/N3Z_TD_FIFO.sdk/PS_PL_wrapper.hdf.
19:17:29 INFO  : Checking for hwspec changes in the project PS_PL_wrapper_hw_platform_0.
19:17:43 INFO  : Connected to target on host '127.0.0.1' and port '3121'.
19:17:44 INFO  : Jtag cable 'Digilent JTAG-HS2 210249A0CF17' is selected.
19:17:44 INFO  : 'jtag frequency' command is executed.
19:17:44 INFO  : Sourcing of '/home/gnaylor/Dropbox/N3workingG/TE0722Rebuild/N3Vivado/N3Z_TD_FIFO/N3Z_TD_FIFO.sdk/PS_PL_wrapper_hw_platform_0/ps7_init.tcl' is done.
19:17:44 INFO  : 'targets -set -filter {name =~"APU" && jtag_cable_name =~ "Digilent JTAG-HS2 210249A0CF17"} -index 0' command is executed.
19:17:44 INFO  : System reset is completed.
19:17:47 INFO  : 'after 3000' command is executed.
19:17:47 INFO  : 'targets -set -filter {jtag_cable_name =~ "Digilent JTAG-HS2 210249A0CF17" && level==0} -index 1' command is executed.
19:17:51 INFO  : FPGA configured successfully with bitstream "/home/gnaylor/Dropbox/N3workingG/TE0722Rebuild/N3Vivado/N3Z_TD_FIFO/N3Z_TD_FIFO.sdk/PS_PL_wrapper_hw_platform_0/PS_PL_wrapper.bit"
19:17:51 INFO  : 'targets -set -filter {name =~"APU" && jtag_cable_name =~ "Digilent JTAG-HS2 210249A0CF17"} -index 0' command is executed.
19:17:51 INFO  : Hardware design information is loaded from '/home/gnaylor/Dropbox/N3workingG/TE0722Rebuild/N3Vivado/N3Z_TD_FIFO/N3Z_TD_FIFO.sdk/PS_PL_wrapper_hw_platform_0/system.hdf'.
19:17:51 INFO  : 'targets -set -filter {name =~"APU" && jtag_cable_name =~ "Digilent JTAG-HS2 210249A0CF17"} -index 0' command is executed.
19:17:51 INFO  : 'ps7_init' command is executed.
19:17:51 INFO  : 'ps7_post_config' command is executed.
19:17:51 INFO  : Context for processor 'ps7_cortexa9_0' is selected.
19:17:52 INFO  : The application '/home/gnaylor/Dropbox/N3workingG/TE0722Rebuild/N3Vivado/N3Z_TD_FIFO/N3Z_TD_FIFO.sdk/NicolaRadio/Debug/NicolaRadio.elf' is downloaded to processor 'ps7_cortexa9_0'.
19:17:52 INFO  : ----------------XSDB Script----------------
connect -url tcp:127.0.0.1:3121
source /home/gnaylor/Dropbox/N3workingG/TE0722Rebuild/N3Vivado/N3Z_TD_FIFO/N3Z_TD_FIFO.sdk/PS_PL_wrapper_hw_platform_0/ps7_init.tcl
targets -set -filter {name =~"APU" && jtag_cable_name =~ "Digilent JTAG-HS2 210249A0CF17"} -index 0
rst -system
after 3000
targets -set -filter {jtag_cable_name =~ "Digilent JTAG-HS2 210249A0CF17" && level==0} -index 1
fpga -file /home/gnaylor/Dropbox/N3workingG/TE0722Rebuild/N3Vivado/N3Z_TD_FIFO/N3Z_TD_FIFO.sdk/PS_PL_wrapper_hw_platform_0/PS_PL_wrapper.bit
targets -set -filter {name =~"APU" && jtag_cable_name =~ "Digilent JTAG-HS2 210249A0CF17"} -index 0
loadhw /home/gnaylor/Dropbox/N3workingG/TE0722Rebuild/N3Vivado/N3Z_TD_FIFO/N3Z_TD_FIFO.sdk/PS_PL_wrapper_hw_platform_0/system.hdf
targets -set -filter {name =~"APU" && jtag_cable_name =~ "Digilent JTAG-HS2 210249A0CF17"} -index 0
ps7_init
ps7_post_config
targets -set -nocase -filter {name =~ "ARM*#0" && jtag_cable_name =~ "Digilent JTAG-HS2 210249A0CF17"} -index 0
dow /home/gnaylor/Dropbox/N3workingG/TE0722Rebuild/N3Vivado/N3Z_TD_FIFO/N3Z_TD_FIFO.sdk/NicolaRadio/Debug/NicolaRadio.elf
----------------End of Script----------------

19:17:52 INFO  : Memory regions updated for context APU
19:17:52 INFO  : Context for processor 'ps7_cortexa9_0' is selected.
19:17:52 INFO  : 'con' command is executed.
19:17:52 INFO  : ----------------XSDB Script (After Launch)----------------
targets -set -nocase -filter {name =~ "ARM*#0" && jtag_cable_name =~ "Digilent JTAG-HS2 210249A0CF17"} -index 0
con
----------------End of Script----------------

19:17:52 INFO  : Launch script is exported to file '/home/gnaylor/Dropbox/N3workingG/TE0722Rebuild/N3Vivado/N3Z_TD_FIFO/N3Z_TD_FIFO.sdk/.sdk/launch_scripts/xilinx_c-c++_application_(system_debugger)/system_debugger_on_local_nicolaradio.elf.tcl'
19:26:32 INFO  : Disconnected from the channel tcfchan#1.
19:26:32 INFO  : Connected to target on host '127.0.0.1' and port '3121'.
19:26:32 INFO  : Jtag cable 'Digilent JTAG-HS2 210249A0CF17' is selected.
19:26:32 INFO  : 'jtag frequency' command is executed.
19:26:32 INFO  : Sourcing of '/home/gnaylor/Dropbox/N3workingG/TE0722Rebuild/N3Vivado/N3Z_TD_FIFO/N3Z_TD_FIFO.sdk/PS_PL_wrapper_hw_platform_0/ps7_init.tcl' is done.
19:26:32 INFO  : 'targets -set -filter {name =~"APU" && jtag_cable_name =~ "Digilent JTAG-HS2 210249A0CF17"} -index 0' command is executed.
19:26:32 INFO  : System reset is completed.
19:26:35 INFO  : 'after 3000' command is executed.
19:26:35 INFO  : 'targets -set -filter {jtag_cable_name =~ "Digilent JTAG-HS2 210249A0CF17" && level==0} -index 1' command is executed.
19:26:40 INFO  : FPGA configured successfully with bitstream "/home/gnaylor/Dropbox/N3workingG/TE0722Rebuild/N3Vivado/N3Z_TD_FIFO/N3Z_TD_FIFO.sdk/PS_PL_wrapper_hw_platform_0/PS_PL_wrapper.bit"
19:26:40 INFO  : 'targets -set -filter {name =~"APU" && jtag_cable_name =~ "Digilent JTAG-HS2 210249A0CF17"} -index 0' command is executed.
19:26:42 INFO  : Hardware design information is loaded from '/home/gnaylor/Dropbox/N3workingG/TE0722Rebuild/N3Vivado/N3Z_TD_FIFO/N3Z_TD_FIFO.sdk/PS_PL_wrapper_hw_platform_0/system.hdf'.
19:26:42 INFO  : 'targets -set -filter {name =~"APU" && jtag_cable_name =~ "Digilent JTAG-HS2 210249A0CF17"} -index 0' command is executed.
19:26:43 INFO  : 'ps7_init' command is executed.
19:26:43 INFO  : 'ps7_post_config' command is executed.
19:26:43 INFO  : Context for processor 'ps7_cortexa9_0' is selected.
19:26:43 INFO  : The application '/home/gnaylor/Dropbox/N3workingG/TE0722Rebuild/N3Vivado/N3Z_TD_FIFO/N3Z_TD_FIFO.sdk/NicolaRadio/Debug/NicolaRadio.elf' is downloaded to processor 'ps7_cortexa9_0'.
19:26:43 INFO  : ----------------XSDB Script----------------
connect -url tcp:127.0.0.1:3121
source /home/gnaylor/Dropbox/N3workingG/TE0722Rebuild/N3Vivado/N3Z_TD_FIFO/N3Z_TD_FIFO.sdk/PS_PL_wrapper_hw_platform_0/ps7_init.tcl
targets -set -filter {name =~"APU" && jtag_cable_name =~ "Digilent JTAG-HS2 210249A0CF17"} -index 0
rst -system
after 3000
targets -set -filter {jtag_cable_name =~ "Digilent JTAG-HS2 210249A0CF17" && level==0} -index 1
fpga -file /home/gnaylor/Dropbox/N3workingG/TE0722Rebuild/N3Vivado/N3Z_TD_FIFO/N3Z_TD_FIFO.sdk/PS_PL_wrapper_hw_platform_0/PS_PL_wrapper.bit
targets -set -filter {name =~"APU" && jtag_cable_name =~ "Digilent JTAG-HS2 210249A0CF17"} -index 0
loadhw /home/gnaylor/Dropbox/N3workingG/TE0722Rebuild/N3Vivado/N3Z_TD_FIFO/N3Z_TD_FIFO.sdk/PS_PL_wrapper_hw_platform_0/system.hdf
targets -set -filter {name =~"APU" && jtag_cable_name =~ "Digilent JTAG-HS2 210249A0CF17"} -index 0
ps7_init
ps7_post_config
targets -set -nocase -filter {name =~ "ARM*#0" && jtag_cable_name =~ "Digilent JTAG-HS2 210249A0CF17"} -index 0
dow /home/gnaylor/Dropbox/N3workingG/TE0722Rebuild/N3Vivado/N3Z_TD_FIFO/N3Z_TD_FIFO.sdk/NicolaRadio/Debug/NicolaRadio.elf
----------------End of Script----------------

19:26:43 INFO  : Memory regions updated for context APU
19:26:43 INFO  : Context for processor 'ps7_cortexa9_0' is selected.
19:26:43 INFO  : 'con' command is executed.
19:26:43 INFO  : ----------------XSDB Script (After Launch)----------------
targets -set -nocase -filter {name =~ "ARM*#0" && jtag_cable_name =~ "Digilent JTAG-HS2 210249A0CF17"} -index 0
con
----------------End of Script----------------

19:26:43 INFO  : Launch script is exported to file '/home/gnaylor/Dropbox/N3workingG/TE0722Rebuild/N3Vivado/N3Z_TD_FIFO/N3Z_TD_FIFO.sdk/.sdk/launch_scripts/xilinx_c-c++_application_(system_debugger)/system_debugger_on_local_nicolaradio.elf.tcl'
19:32:02 INFO  : Connected to target on host '127.0.0.1' and port '3121'.
19:32:02 INFO  : Disconnected from the channel tcfchan#2.
19:32:02 WARN  : SDK version '2016.2' doesn't match hw_server version 'null'. Some debug features may not work.
19:32:08 INFO  : ----------------XSDB Script----------------
connect -url tcp:127.0.0.1:3121
----------------End of Script----------------

19:32:46 INFO  : Launching XSDB server: xsdb -n -interactive /home/gnaylor/Dropbox/N3workingG/TE0722Rebuild/N3Vivado/N3Z_TD_FIFO/N3Z_TD_FIFO.sdk/temp_xsdb_launch_script.tcl
19:32:48 INFO  : XSDB server has started successfully.
19:32:48 INFO  : Processing command line option -hwspec /home/gnaylor/Dropbox/N3workingG/TE0722Rebuild/N3Vivado/N3Z_TD_FIFO/N3Z_TD_FIFO.sdk/PS_PL_wrapper.hdf.
19:32:49 INFO  : Checking for hwspec changes in the project PS_PL_wrapper_hw_platform_0.
19:32:58 INFO  : Connected to target on host '127.0.0.1' and port '3121'.
19:32:59 INFO  : Jtag cable 'Digilent JTAG-HS2 210249A0CF17' is selected.
19:32:59 INFO  : 'jtag frequency' command is executed.
19:32:59 INFO  : Sourcing of '/home/gnaylor/Dropbox/N3workingG/TE0722Rebuild/N3Vivado/N3Z_TD_FIFO/N3Z_TD_FIFO.sdk/PS_PL_wrapper_hw_platform_0/ps7_init.tcl' is done.
19:32:59 INFO  : 'targets -set -filter {name =~"APU" && jtag_cable_name =~ "Digilent JTAG-HS2 210249A0CF17"} -index 0' command is executed.
19:32:59 INFO  : System reset is completed.
19:33:02 INFO  : 'after 3000' command is executed.
19:33:02 INFO  : 'targets -set -filter {jtag_cable_name =~ "Digilent JTAG-HS2 210249A0CF17" && level==0} -index 1' command is executed.
19:33:07 INFO  : FPGA configured successfully with bitstream "/home/gnaylor/Dropbox/N3workingG/TE0722Rebuild/N3Vivado/N3Z_TD_FIFO/N3Z_TD_FIFO.sdk/PS_PL_wrapper_hw_platform_0/PS_PL_wrapper.bit"
19:33:07 INFO  : 'targets -set -filter {name =~"APU" && jtag_cable_name =~ "Digilent JTAG-HS2 210249A0CF17"} -index 0' command is executed.
19:33:07 INFO  : Hardware design information is loaded from '/home/gnaylor/Dropbox/N3workingG/TE0722Rebuild/N3Vivado/N3Z_TD_FIFO/N3Z_TD_FIFO.sdk/PS_PL_wrapper_hw_platform_0/system.hdf'.
19:33:07 INFO  : 'targets -set -filter {name =~"APU" && jtag_cable_name =~ "Digilent JTAG-HS2 210249A0CF17"} -index 0' command is executed.
19:33:07 INFO  : 'ps7_init' command is executed.
19:33:07 INFO  : 'ps7_post_config' command is executed.
19:33:07 INFO  : Context for processor 'ps7_cortexa9_0' is selected.
19:33:07 INFO  : The application '/home/gnaylor/Dropbox/N3workingG/TE0722Rebuild/N3Vivado/N3Z_TD_FIFO/N3Z_TD_FIFO.sdk/NicolaRadio/Debug/NicolaRadio.elf' is downloaded to processor 'ps7_cortexa9_0'.
19:33:07 INFO  : ----------------XSDB Script----------------
connect -url tcp:127.0.0.1:3121
source /home/gnaylor/Dropbox/N3workingG/TE0722Rebuild/N3Vivado/N3Z_TD_FIFO/N3Z_TD_FIFO.sdk/PS_PL_wrapper_hw_platform_0/ps7_init.tcl
targets -set -filter {name =~"APU" && jtag_cable_name =~ "Digilent JTAG-HS2 210249A0CF17"} -index 0
rst -system
after 3000
targets -set -filter {jtag_cable_name =~ "Digilent JTAG-HS2 210249A0CF17" && level==0} -index 1
fpga -file /home/gnaylor/Dropbox/N3workingG/TE0722Rebuild/N3Vivado/N3Z_TD_FIFO/N3Z_TD_FIFO.sdk/PS_PL_wrapper_hw_platform_0/PS_PL_wrapper.bit
targets -set -filter {name =~"APU" && jtag_cable_name =~ "Digilent JTAG-HS2 210249A0CF17"} -index 0
loadhw /home/gnaylor/Dropbox/N3workingG/TE0722Rebuild/N3Vivado/N3Z_TD_FIFO/N3Z_TD_FIFO.sdk/PS_PL_wrapper_hw_platform_0/system.hdf
targets -set -filter {name =~"APU" && jtag_cable_name =~ "Digilent JTAG-HS2 210249A0CF17"} -index 0
ps7_init
ps7_post_config
targets -set -nocase -filter {name =~ "ARM*#0" && jtag_cable_name =~ "Digilent JTAG-HS2 210249A0CF17"} -index 0
dow /home/gnaylor/Dropbox/N3workingG/TE0722Rebuild/N3Vivado/N3Z_TD_FIFO/N3Z_TD_FIFO.sdk/NicolaRadio/Debug/NicolaRadio.elf
----------------End of Script----------------

19:33:08 INFO  : Memory regions updated for context APU
19:33:08 INFO  : Context for processor 'ps7_cortexa9_0' is selected.
19:33:08 INFO  : 'con' command is executed.
19:33:08 INFO  : ----------------XSDB Script (After Launch)----------------
targets -set -nocase -filter {name =~ "ARM*#0" && jtag_cable_name =~ "Digilent JTAG-HS2 210249A0CF17"} -index 0
con
----------------End of Script----------------

19:33:08 INFO  : Launch script is exported to file '/home/gnaylor/Dropbox/N3workingG/TE0722Rebuild/N3Vivado/N3Z_TD_FIFO/N3Z_TD_FIFO.sdk/.sdk/launch_scripts/xilinx_c-c++_application_(system_debugger)/system_debugger_on_local_nicolaradio.elf.tcl'
19:36:17 INFO  : Disconnected from the channel tcfchan#1.
19:36:17 INFO  : Connected to target on host '127.0.0.1' and port '3121'.
19:36:18 INFO  : Jtag cable 'Digilent JTAG-HS2 210249A0CF17' is selected.
19:36:18 INFO  : 'jtag frequency' command is executed.
19:36:18 INFO  : Sourcing of '/home/gnaylor/Dropbox/N3workingG/TE0722Rebuild/N3Vivado/N3Z_TD_FIFO/N3Z_TD_FIFO.sdk/PS_PL_wrapper_hw_platform_0/ps7_init.tcl' is done.
19:36:18 INFO  : 'targets -set -filter {name =~"APU" && jtag_cable_name =~ "Digilent JTAG-HS2 210249A0CF17"} -index 0' command is executed.
19:36:18 INFO  : System reset is completed.
19:36:21 INFO  : 'after 3000' command is executed.
19:36:21 INFO  : 'targets -set -filter {jtag_cable_name =~ "Digilent JTAG-HS2 210249A0CF17" && level==0} -index 1' command is executed.
19:36:25 INFO  : FPGA configured successfully with bitstream "/home/gnaylor/Dropbox/N3workingG/TE0722Rebuild/N3Vivado/N3Z_TD_FIFO/N3Z_TD_FIFO.sdk/PS_PL_wrapper_hw_platform_0/PS_PL_wrapper.bit"
19:36:25 INFO  : 'targets -set -filter {name =~"APU" && jtag_cable_name =~ "Digilent JTAG-HS2 210249A0CF17"} -index 0' command is executed.
19:36:28 INFO  : Hardware design information is loaded from '/home/gnaylor/Dropbox/N3workingG/TE0722Rebuild/N3Vivado/N3Z_TD_FIFO/N3Z_TD_FIFO.sdk/PS_PL_wrapper_hw_platform_0/system.hdf'.
19:36:28 INFO  : 'targets -set -filter {name =~"APU" && jtag_cable_name =~ "Digilent JTAG-HS2 210249A0CF17"} -index 0' command is executed.
19:36:28 INFO  : 'ps7_init' command is executed.
19:36:28 INFO  : 'ps7_post_config' command is executed.
19:36:28 INFO  : Context for processor 'ps7_cortexa9_0' is selected.
19:36:28 INFO  : The application '/home/gnaylor/Dropbox/N3workingG/TE0722Rebuild/N3Vivado/N3Z_TD_FIFO/N3Z_TD_FIFO.sdk/NicolaRadio/Debug/NicolaRadio.elf' is downloaded to processor 'ps7_cortexa9_0'.
19:36:28 INFO  : ----------------XSDB Script----------------
connect -url tcp:127.0.0.1:3121
source /home/gnaylor/Dropbox/N3workingG/TE0722Rebuild/N3Vivado/N3Z_TD_FIFO/N3Z_TD_FIFO.sdk/PS_PL_wrapper_hw_platform_0/ps7_init.tcl
targets -set -filter {name =~"APU" && jtag_cable_name =~ "Digilent JTAG-HS2 210249A0CF17"} -index 0
rst -system
after 3000
targets -set -filter {jtag_cable_name =~ "Digilent JTAG-HS2 210249A0CF17" && level==0} -index 1
fpga -file /home/gnaylor/Dropbox/N3workingG/TE0722Rebuild/N3Vivado/N3Z_TD_FIFO/N3Z_TD_FIFO.sdk/PS_PL_wrapper_hw_platform_0/PS_PL_wrapper.bit
targets -set -filter {name =~"APU" && jtag_cable_name =~ "Digilent JTAG-HS2 210249A0CF17"} -index 0
loadhw /home/gnaylor/Dropbox/N3workingG/TE0722Rebuild/N3Vivado/N3Z_TD_FIFO/N3Z_TD_FIFO.sdk/PS_PL_wrapper_hw_platform_0/system.hdf
targets -set -filter {name =~"APU" && jtag_cable_name =~ "Digilent JTAG-HS2 210249A0CF17"} -index 0
ps7_init
ps7_post_config
targets -set -nocase -filter {name =~ "ARM*#0" && jtag_cable_name =~ "Digilent JTAG-HS2 210249A0CF17"} -index 0
dow /home/gnaylor/Dropbox/N3workingG/TE0722Rebuild/N3Vivado/N3Z_TD_FIFO/N3Z_TD_FIFO.sdk/NicolaRadio/Debug/NicolaRadio.elf
----------------End of Script----------------

19:36:28 INFO  : Memory regions updated for context APU
19:36:29 INFO  : Context for processor 'ps7_cortexa9_0' is selected.
19:36:29 INFO  : 'con' command is executed.
19:36:29 INFO  : ----------------XSDB Script (After Launch)----------------
targets -set -nocase -filter {name =~ "ARM*#0" && jtag_cable_name =~ "Digilent JTAG-HS2 210249A0CF17"} -index 0
con
----------------End of Script----------------

19:36:29 INFO  : Launch script is exported to file '/home/gnaylor/Dropbox/N3workingG/TE0722Rebuild/N3Vivado/N3Z_TD_FIFO/N3Z_TD_FIFO.sdk/.sdk/launch_scripts/xilinx_c-c++_application_(system_debugger)/system_debugger_on_local_nicolaradio.elf.tcl'
19:39:39 INFO  : Disconnected from the channel tcfchan#2.
19:39:39 INFO  : Connected to target on host '127.0.0.1' and port '3121'.
19:39:39 INFO  : Jtag cable 'Digilent JTAG-HS2 210249A0CF17' is selected.
19:39:39 INFO  : 'jtag frequency' command is executed.
19:39:39 INFO  : Sourcing of '/home/gnaylor/Dropbox/N3workingG/TE0722Rebuild/N3Vivado/N3Z_TD_FIFO/N3Z_TD_FIFO.sdk/PS_PL_wrapper_hw_platform_0/ps7_init.tcl' is done.
19:39:39 INFO  : 'targets -set -filter {name =~"APU" && jtag_cable_name =~ "Digilent JTAG-HS2 210249A0CF17"} -index 0' command is executed.
19:39:39 INFO  : System reset is completed.
19:39:42 INFO  : 'after 3000' command is executed.
19:39:42 INFO  : 'targets -set -filter {jtag_cable_name =~ "Digilent JTAG-HS2 210249A0CF17" && level==0} -index 1' command is executed.
19:39:46 INFO  : FPGA configured successfully with bitstream "/home/gnaylor/Dropbox/N3workingG/TE0722Rebuild/N3Vivado/N3Z_TD_FIFO/N3Z_TD_FIFO.sdk/PS_PL_wrapper_hw_platform_0/PS_PL_wrapper.bit"
19:39:46 INFO  : 'targets -set -filter {name =~"APU" && jtag_cable_name =~ "Digilent JTAG-HS2 210249A0CF17"} -index 0' command is executed.
19:39:49 INFO  : Hardware design information is loaded from '/home/gnaylor/Dropbox/N3workingG/TE0722Rebuild/N3Vivado/N3Z_TD_FIFO/N3Z_TD_FIFO.sdk/PS_PL_wrapper_hw_platform_0/system.hdf'.
19:39:49 INFO  : 'targets -set -filter {name =~"APU" && jtag_cable_name =~ "Digilent JTAG-HS2 210249A0CF17"} -index 0' command is executed.
19:39:49 INFO  : 'ps7_init' command is executed.
19:39:49 INFO  : 'ps7_post_config' command is executed.
19:39:49 INFO  : Context for processor 'ps7_cortexa9_0' is selected.
19:39:49 INFO  : The application '/home/gnaylor/Dropbox/N3workingG/TE0722Rebuild/N3Vivado/N3Z_TD_FIFO/N3Z_TD_FIFO.sdk/NicolaRadio/Debug/NicolaRadio.elf' is downloaded to processor 'ps7_cortexa9_0'.
19:39:49 INFO  : ----------------XSDB Script----------------
connect -url tcp:127.0.0.1:3121
source /home/gnaylor/Dropbox/N3workingG/TE0722Rebuild/N3Vivado/N3Z_TD_FIFO/N3Z_TD_FIFO.sdk/PS_PL_wrapper_hw_platform_0/ps7_init.tcl
targets -set -filter {name =~"APU" && jtag_cable_name =~ "Digilent JTAG-HS2 210249A0CF17"} -index 0
rst -system
after 3000
targets -set -filter {jtag_cable_name =~ "Digilent JTAG-HS2 210249A0CF17" && level==0} -index 1
fpga -file /home/gnaylor/Dropbox/N3workingG/TE0722Rebuild/N3Vivado/N3Z_TD_FIFO/N3Z_TD_FIFO.sdk/PS_PL_wrapper_hw_platform_0/PS_PL_wrapper.bit
targets -set -filter {name =~"APU" && jtag_cable_name =~ "Digilent JTAG-HS2 210249A0CF17"} -index 0
loadhw /home/gnaylor/Dropbox/N3workingG/TE0722Rebuild/N3Vivado/N3Z_TD_FIFO/N3Z_TD_FIFO.sdk/PS_PL_wrapper_hw_platform_0/system.hdf
targets -set -filter {name =~"APU" && jtag_cable_name =~ "Digilent JTAG-HS2 210249A0CF17"} -index 0
ps7_init
ps7_post_config
targets -set -nocase -filter {name =~ "ARM*#0" && jtag_cable_name =~ "Digilent JTAG-HS2 210249A0CF17"} -index 0
dow /home/gnaylor/Dropbox/N3workingG/TE0722Rebuild/N3Vivado/N3Z_TD_FIFO/N3Z_TD_FIFO.sdk/NicolaRadio/Debug/NicolaRadio.elf
----------------End of Script----------------

19:39:49 INFO  : Memory regions updated for context APU
19:39:49 INFO  : Context for processor 'ps7_cortexa9_0' is selected.
19:39:49 INFO  : 'con' command is executed.
19:39:49 INFO  : ----------------XSDB Script (After Launch)----------------
targets -set -nocase -filter {name =~ "ARM*#0" && jtag_cable_name =~ "Digilent JTAG-HS2 210249A0CF17"} -index 0
con
----------------End of Script----------------

19:39:49 INFO  : Launch script is exported to file '/home/gnaylor/Dropbox/N3workingG/TE0722Rebuild/N3Vivado/N3Z_TD_FIFO/N3Z_TD_FIFO.sdk/.sdk/launch_scripts/xilinx_c-c++_application_(system_debugger)/system_debugger_on_local_nicolaradio.elf.tcl'
19:40:45 INFO  : Disconnected from the channel tcfchan#3.
19:40:45 INFO  : Connected to target on host '127.0.0.1' and port '3121'.
19:40:46 INFO  : Jtag cable 'Digilent JTAG-HS2 210249A0CF17' is selected.
19:40:46 INFO  : 'jtag frequency' command is executed.
19:40:46 INFO  : Sourcing of '/home/gnaylor/Dropbox/N3workingG/TE0722Rebuild/N3Vivado/N3Z_TD_FIFO/N3Z_TD_FIFO.sdk/PS_PL_wrapper_hw_platform_0/ps7_init.tcl' is done.
19:40:46 INFO  : 'targets -set -filter {name =~"APU" && jtag_cable_name =~ "Digilent JTAG-HS2 210249A0CF17"} -index 0' command is executed.
19:40:46 INFO  : System reset is completed.
19:40:49 INFO  : 'after 3000' command is executed.
19:40:49 INFO  : 'targets -set -filter {jtag_cable_name =~ "Digilent JTAG-HS2 210249A0CF17" && level==0} -index 1' command is executed.
19:40:53 INFO  : FPGA configured successfully with bitstream "/home/gnaylor/Dropbox/N3workingG/TE0722Rebuild/N3Vivado/N3Z_TD_FIFO/N3Z_TD_FIFO.sdk/PS_PL_wrapper_hw_platform_0/PS_PL_wrapper.bit"
19:40:53 INFO  : 'targets -set -filter {name =~"APU" && jtag_cable_name =~ "Digilent JTAG-HS2 210249A0CF17"} -index 0' command is executed.
19:40:56 INFO  : Hardware design information is loaded from '/home/gnaylor/Dropbox/N3workingG/TE0722Rebuild/N3Vivado/N3Z_TD_FIFO/N3Z_TD_FIFO.sdk/PS_PL_wrapper_hw_platform_0/system.hdf'.
19:40:56 INFO  : 'targets -set -filter {name =~"APU" && jtag_cable_name =~ "Digilent JTAG-HS2 210249A0CF17"} -index 0' command is executed.
19:40:56 INFO  : 'ps7_init' command is executed.
19:40:56 INFO  : 'ps7_post_config' command is executed.
19:40:56 INFO  : Context for processor 'ps7_cortexa9_0' is selected.
19:40:56 INFO  : The application '/home/gnaylor/Dropbox/N3workingG/TE0722Rebuild/N3Vivado/N3Z_TD_FIFO/N3Z_TD_FIFO.sdk/NicolaRadio/Debug/NicolaRadio.elf' is downloaded to processor 'ps7_cortexa9_0'.
19:40:56 INFO  : ----------------XSDB Script----------------
connect -url tcp:127.0.0.1:3121
source /home/gnaylor/Dropbox/N3workingG/TE0722Rebuild/N3Vivado/N3Z_TD_FIFO/N3Z_TD_FIFO.sdk/PS_PL_wrapper_hw_platform_0/ps7_init.tcl
targets -set -filter {name =~"APU" && jtag_cable_name =~ "Digilent JTAG-HS2 210249A0CF17"} -index 0
rst -system
after 3000
targets -set -filter {jtag_cable_name =~ "Digilent JTAG-HS2 210249A0CF17" && level==0} -index 1
fpga -file /home/gnaylor/Dropbox/N3workingG/TE0722Rebuild/N3Vivado/N3Z_TD_FIFO/N3Z_TD_FIFO.sdk/PS_PL_wrapper_hw_platform_0/PS_PL_wrapper.bit
targets -set -filter {name =~"APU" && jtag_cable_name =~ "Digilent JTAG-HS2 210249A0CF17"} -index 0
loadhw /home/gnaylor/Dropbox/N3workingG/TE0722Rebuild/N3Vivado/N3Z_TD_FIFO/N3Z_TD_FIFO.sdk/PS_PL_wrapper_hw_platform_0/system.hdf
targets -set -filter {name =~"APU" && jtag_cable_name =~ "Digilent JTAG-HS2 210249A0CF17"} -index 0
ps7_init
ps7_post_config
targets -set -nocase -filter {name =~ "ARM*#0" && jtag_cable_name =~ "Digilent JTAG-HS2 210249A0CF17"} -index 0
dow /home/gnaylor/Dropbox/N3workingG/TE0722Rebuild/N3Vivado/N3Z_TD_FIFO/N3Z_TD_FIFO.sdk/NicolaRadio/Debug/NicolaRadio.elf
----------------End of Script----------------

19:40:56 INFO  : Memory regions updated for context APU
19:40:57 INFO  : Context for processor 'ps7_cortexa9_0' is selected.
19:40:57 INFO  : 'con' command is executed.
19:40:57 INFO  : ----------------XSDB Script (After Launch)----------------
targets -set -nocase -filter {name =~ "ARM*#0" && jtag_cable_name =~ "Digilent JTAG-HS2 210249A0CF17"} -index 0
con
----------------End of Script----------------

19:40:57 INFO  : Launch script is exported to file '/home/gnaylor/Dropbox/N3workingG/TE0722Rebuild/N3Vivado/N3Z_TD_FIFO/N3Z_TD_FIFO.sdk/.sdk/launch_scripts/xilinx_c-c++_application_(system_debugger)/system_debugger_on_local_nicolaradio.elf.tcl'
19:42:03 INFO  : Disconnected from the channel tcfchan#4.
19:42:03 INFO  : Connected to target on host '127.0.0.1' and port '3121'.
19:42:04 INFO  : Jtag cable 'Digilent JTAG-HS2 210249A0CF17' is selected.
19:42:04 INFO  : 'jtag frequency' command is executed.
19:42:04 INFO  : Sourcing of '/home/gnaylor/Dropbox/N3workingG/TE0722Rebuild/N3Vivado/N3Z_TD_FIFO/N3Z_TD_FIFO.sdk/PS_PL_wrapper_hw_platform_0/ps7_init.tcl' is done.
19:42:04 INFO  : 'targets -set -filter {name =~"APU" && jtag_cable_name =~ "Digilent JTAG-HS2 210249A0CF17"} -index 0' command is executed.
19:42:04 INFO  : System reset is completed.
19:42:07 INFO  : 'after 3000' command is executed.
19:42:07 INFO  : 'targets -set -filter {jtag_cable_name =~ "Digilent JTAG-HS2 210249A0CF17" && level==0} -index 1' command is executed.
19:42:11 INFO  : FPGA configured successfully with bitstream "/home/gnaylor/Dropbox/N3workingG/TE0722Rebuild/N3Vivado/N3Z_TD_FIFO/N3Z_TD_FIFO.sdk/PS_PL_wrapper_hw_platform_0/PS_PL_wrapper.bit"
19:42:11 INFO  : 'targets -set -filter {name =~"APU" && jtag_cable_name =~ "Digilent JTAG-HS2 210249A0CF17"} -index 0' command is executed.
19:42:14 INFO  : Hardware design information is loaded from '/home/gnaylor/Dropbox/N3workingG/TE0722Rebuild/N3Vivado/N3Z_TD_FIFO/N3Z_TD_FIFO.sdk/PS_PL_wrapper_hw_platform_0/system.hdf'.
19:42:14 INFO  : 'targets -set -filter {name =~"APU" && jtag_cable_name =~ "Digilent JTAG-HS2 210249A0CF17"} -index 0' command is executed.
19:42:14 INFO  : 'ps7_init' command is executed.
19:42:14 INFO  : 'ps7_post_config' command is executed.
19:42:14 INFO  : Context for processor 'ps7_cortexa9_0' is selected.
19:42:15 INFO  : The application '/home/gnaylor/Dropbox/N3workingG/TE0722Rebuild/N3Vivado/N3Z_TD_FIFO/N3Z_TD_FIFO.sdk/NicolaRadio/Debug/NicolaRadio.elf' is downloaded to processor 'ps7_cortexa9_0'.
19:42:15 INFO  : ----------------XSDB Script----------------
connect -url tcp:127.0.0.1:3121
source /home/gnaylor/Dropbox/N3workingG/TE0722Rebuild/N3Vivado/N3Z_TD_FIFO/N3Z_TD_FIFO.sdk/PS_PL_wrapper_hw_platform_0/ps7_init.tcl
targets -set -filter {name =~"APU" && jtag_cable_name =~ "Digilent JTAG-HS2 210249A0CF17"} -index 0
rst -system
after 3000
targets -set -filter {jtag_cable_name =~ "Digilent JTAG-HS2 210249A0CF17" && level==0} -index 1
fpga -file /home/gnaylor/Dropbox/N3workingG/TE0722Rebuild/N3Vivado/N3Z_TD_FIFO/N3Z_TD_FIFO.sdk/PS_PL_wrapper_hw_platform_0/PS_PL_wrapper.bit
targets -set -filter {name =~"APU" && jtag_cable_name =~ "Digilent JTAG-HS2 210249A0CF17"} -index 0
loadhw /home/gnaylor/Dropbox/N3workingG/TE0722Rebuild/N3Vivado/N3Z_TD_FIFO/N3Z_TD_FIFO.sdk/PS_PL_wrapper_hw_platform_0/system.hdf
targets -set -filter {name =~"APU" && jtag_cable_name =~ "Digilent JTAG-HS2 210249A0CF17"} -index 0
ps7_init
ps7_post_config
targets -set -nocase -filter {name =~ "ARM*#0" && jtag_cable_name =~ "Digilent JTAG-HS2 210249A0CF17"} -index 0
dow /home/gnaylor/Dropbox/N3workingG/TE0722Rebuild/N3Vivado/N3Z_TD_FIFO/N3Z_TD_FIFO.sdk/NicolaRadio/Debug/NicolaRadio.elf
----------------End of Script----------------

19:42:15 INFO  : Memory regions updated for context APU
19:42:15 INFO  : Context for processor 'ps7_cortexa9_0' is selected.
19:42:15 INFO  : 'con' command is executed.
19:42:15 INFO  : ----------------XSDB Script (After Launch)----------------
targets -set -nocase -filter {name =~ "ARM*#0" && jtag_cable_name =~ "Digilent JTAG-HS2 210249A0CF17"} -index 0
con
----------------End of Script----------------

19:42:15 INFO  : Launch script is exported to file '/home/gnaylor/Dropbox/N3workingG/TE0722Rebuild/N3Vivado/N3Z_TD_FIFO/N3Z_TD_FIFO.sdk/.sdk/launch_scripts/xilinx_c-c++_application_(system_debugger)/system_debugger_on_local_nicolaradio.elf.tcl'
19:46:29 INFO  : Disconnected from the channel tcfchan#5.
19:46:29 INFO  : Connected to target on host '127.0.0.1' and port '3121'.
19:46:29 INFO  : Jtag cable 'Digilent JTAG-HS2 210249A0CF17' is selected.
19:46:29 INFO  : 'jtag frequency' command is executed.
19:46:29 INFO  : Sourcing of '/home/gnaylor/Dropbox/N3workingG/TE0722Rebuild/N3Vivado/N3Z_TD_FIFO/N3Z_TD_FIFO.sdk/PS_PL_wrapper_hw_platform_0/ps7_init.tcl' is done.
19:46:29 INFO  : 'targets -set -filter {name =~"APU" && jtag_cable_name =~ "Digilent JTAG-HS2 210249A0CF17"} -index 0' command is executed.
19:46:29 INFO  : System reset is completed.
19:46:32 INFO  : 'after 3000' command is executed.
19:46:33 INFO  : 'targets -set -filter {jtag_cable_name =~ "Digilent JTAG-HS2 210249A0CF17" && level==0} -index 1' command is executed.
19:46:36 INFO  : FPGA configured successfully with bitstream "/home/gnaylor/Dropbox/N3workingG/TE0722Rebuild/N3Vivado/N3Z_TD_FIFO/N3Z_TD_FIFO.sdk/PS_PL_wrapper_hw_platform_0/PS_PL_wrapper.bit"
19:46:36 INFO  : 'targets -set -filter {name =~"APU" && jtag_cable_name =~ "Digilent JTAG-HS2 210249A0CF17"} -index 0' command is executed.
19:46:40 INFO  : Hardware design information is loaded from '/home/gnaylor/Dropbox/N3workingG/TE0722Rebuild/N3Vivado/N3Z_TD_FIFO/N3Z_TD_FIFO.sdk/PS_PL_wrapper_hw_platform_0/system.hdf'.
19:46:40 INFO  : 'targets -set -filter {name =~"APU" && jtag_cable_name =~ "Digilent JTAG-HS2 210249A0CF17"} -index 0' command is executed.
19:46:40 INFO  : 'ps7_init' command is executed.
19:46:40 INFO  : 'ps7_post_config' command is executed.
19:46:40 INFO  : Context for processor 'ps7_cortexa9_0' is selected.
19:46:40 INFO  : The application '/home/gnaylor/Dropbox/N3workingG/TE0722Rebuild/N3Vivado/N3Z_TD_FIFO/N3Z_TD_FIFO.sdk/NicolaRadio/Debug/NicolaRadio.elf' is downloaded to processor 'ps7_cortexa9_0'.
19:46:40 INFO  : ----------------XSDB Script----------------
connect -url tcp:127.0.0.1:3121
source /home/gnaylor/Dropbox/N3workingG/TE0722Rebuild/N3Vivado/N3Z_TD_FIFO/N3Z_TD_FIFO.sdk/PS_PL_wrapper_hw_platform_0/ps7_init.tcl
targets -set -filter {name =~"APU" && jtag_cable_name =~ "Digilent JTAG-HS2 210249A0CF17"} -index 0
rst -system
after 3000
targets -set -filter {jtag_cable_name =~ "Digilent JTAG-HS2 210249A0CF17" && level==0} -index 1
fpga -file /home/gnaylor/Dropbox/N3workingG/TE0722Rebuild/N3Vivado/N3Z_TD_FIFO/N3Z_TD_FIFO.sdk/PS_PL_wrapper_hw_platform_0/PS_PL_wrapper.bit
targets -set -filter {name =~"APU" && jtag_cable_name =~ "Digilent JTAG-HS2 210249A0CF17"} -index 0
loadhw /home/gnaylor/Dropbox/N3workingG/TE0722Rebuild/N3Vivado/N3Z_TD_FIFO/N3Z_TD_FIFO.sdk/PS_PL_wrapper_hw_platform_0/system.hdf
targets -set -filter {name =~"APU" && jtag_cable_name =~ "Digilent JTAG-HS2 210249A0CF17"} -index 0
ps7_init
ps7_post_config
targets -set -nocase -filter {name =~ "ARM*#0" && jtag_cable_name =~ "Digilent JTAG-HS2 210249A0CF17"} -index 0
dow /home/gnaylor/Dropbox/N3workingG/TE0722Rebuild/N3Vivado/N3Z_TD_FIFO/N3Z_TD_FIFO.sdk/NicolaRadio/Debug/NicolaRadio.elf
----------------End of Script----------------

19:46:40 INFO  : Memory regions updated for context APU
19:46:40 INFO  : Context for processor 'ps7_cortexa9_0' is selected.
19:46:40 INFO  : 'con' command is executed.
19:46:40 INFO  : ----------------XSDB Script (After Launch)----------------
targets -set -nocase -filter {name =~ "ARM*#0" && jtag_cable_name =~ "Digilent JTAG-HS2 210249A0CF17"} -index 0
con
----------------End of Script----------------

19:46:40 INFO  : Launch script is exported to file '/home/gnaylor/Dropbox/N3workingG/TE0722Rebuild/N3Vivado/N3Z_TD_FIFO/N3Z_TD_FIFO.sdk/.sdk/launch_scripts/xilinx_c-c++_application_(system_debugger)/system_debugger_on_local_nicolaradio.elf.tcl'
19:48:36 INFO  : Disconnected from the channel tcfchan#6.
20:58:38 INFO  : Launching XSDB server: xsdb -n -interactive /home/gnaylor/Dropbox/N3workingG/TE0722Rebuild/N3Vivado/N3Z_TD_FIFO/N3Z_TD_FIFO.sdk/temp_xsdb_launch_script.tcl
20:58:39 INFO  : XSDB server has started successfully.
20:58:39 INFO  : Processing command line option -hwspec /home/gnaylor/Dropbox/N3workingG/TE0722Rebuild/N3Vivado/N3Z_TD_FIFO/N3Z_TD_FIFO.sdk/PS_PL_wrapper.hdf.
20:58:40 INFO  : Checking for hwspec changes in the project PS_PL_wrapper_hw_platform_0.
20:58:43 INFO  : SDK has detected change in the last modified timestamps for source hardware specification file Source:1494443959000,  Project:1492980709000
20:58:43 INFO  : The hardware specification for project 'PS_PL_wrapper_hw_platform_0' is different from /home/gnaylor/Dropbox/N3workingG/TE0722Rebuild/N3Vivado/N3Z_TD_FIFO/N3Z_TD_FIFO.sdk/PS_PL_wrapper.hdf.
20:58:43 INFO  : Copied contents of /home/gnaylor/Dropbox/N3workingG/TE0722Rebuild/N3Vivado/N3Z_TD_FIFO/N3Z_TD_FIFO.sdk/PS_PL_wrapper.hdf into /PS_PL_wrapper_hw_platform_0/system.hdf.
20:58:50 INFO  : Synchronizing projects in the workspace with the hardware platform specification changes.
20:58:51 INFO  : 
20:58:52 INFO  : 
20:58:53 INFO  : Updating hardware inferred compiler options for FSBL.
20:58:54 INFO  : Updating hardware inferred compiler options for NicolaRadio.
20:58:54 INFO  : Clearing existing target manager status.
20:59:10 INFO  : Connected to target on host '127.0.0.1' and port '3121'.
20:59:10 INFO  : Jtag cable 'Digilent JTAG-HS2 210249A0CF17' is selected.
20:59:11 INFO  : 'jtag frequency' command is executed.
20:59:11 INFO  : Sourcing of '/home/gnaylor/Dropbox/N3workingG/TE0722Rebuild/N3Vivado/N3Z_TD_FIFO/N3Z_TD_FIFO.sdk/PS_PL_wrapper_hw_platform_0/ps7_init.tcl' is done.
20:59:11 INFO  : 'targets -set -filter {name =~"APU" && jtag_cable_name =~ "Digilent JTAG-HS2 210249A0CF17"} -index 0' command is executed.
20:59:11 INFO  : System reset is completed.
20:59:14 INFO  : 'after 3000' command is executed.
20:59:14 INFO  : 'targets -set -filter {jtag_cable_name =~ "Digilent JTAG-HS2 210249A0CF17" && level==0} -index 1' command is executed.
20:59:16 INFO  : FPGA configured successfully with bitstream "/home/gnaylor/Dropbox/N3workingG/TE0722Rebuild/N3Vivado/N3Z_TD_FIFO/N3Z_TD_FIFO.sdk/PS_PL_wrapper_hw_platform_0/PS_PL_wrapper.bit"
20:59:16 INFO  : 'targets -set -filter {name =~"APU" && jtag_cable_name =~ "Digilent JTAG-HS2 210249A0CF17"} -index 0' command is executed.
20:59:16 INFO  : Hardware design information is loaded from '/home/gnaylor/Dropbox/N3workingG/TE0722Rebuild/N3Vivado/N3Z_TD_FIFO/N3Z_TD_FIFO.sdk/PS_PL_wrapper_hw_platform_0/system.hdf'.
20:59:16 INFO  : 'targets -set -filter {name =~"APU" && jtag_cable_name =~ "Digilent JTAG-HS2 210249A0CF17"} -index 0' command is executed.
20:59:16 INFO  : 'ps7_init' command is executed.
20:59:16 INFO  : 'ps7_post_config' command is executed.
20:59:16 INFO  : Context for processor 'ps7_cortexa9_0' is selected.
20:59:17 INFO  : The application '/home/gnaylor/Dropbox/N3workingG/TE0722Rebuild/N3Vivado/N3Z_TD_FIFO/N3Z_TD_FIFO.sdk/NicolaRadio/Debug/NicolaRadio.elf' is downloaded to processor 'ps7_cortexa9_0'.
20:59:17 INFO  : ----------------XSDB Script----------------
connect -url tcp:127.0.0.1:3121
source /home/gnaylor/Dropbox/N3workingG/TE0722Rebuild/N3Vivado/N3Z_TD_FIFO/N3Z_TD_FIFO.sdk/PS_PL_wrapper_hw_platform_0/ps7_init.tcl
targets -set -filter {name =~"APU" && jtag_cable_name =~ "Digilent JTAG-HS2 210249A0CF17"} -index 0
rst -system
after 3000
targets -set -filter {jtag_cable_name =~ "Digilent JTAG-HS2 210249A0CF17" && level==0} -index 1
fpga -file /home/gnaylor/Dropbox/N3workingG/TE0722Rebuild/N3Vivado/N3Z_TD_FIFO/N3Z_TD_FIFO.sdk/PS_PL_wrapper_hw_platform_0/PS_PL_wrapper.bit
targets -set -filter {name =~"APU" && jtag_cable_name =~ "Digilent JTAG-HS2 210249A0CF17"} -index 0
loadhw /home/gnaylor/Dropbox/N3workingG/TE0722Rebuild/N3Vivado/N3Z_TD_FIFO/N3Z_TD_FIFO.sdk/PS_PL_wrapper_hw_platform_0/system.hdf
targets -set -filter {name =~"APU" && jtag_cable_name =~ "Digilent JTAG-HS2 210249A0CF17"} -index 0
ps7_init
ps7_post_config
targets -set -nocase -filter {name =~ "ARM*#0" && jtag_cable_name =~ "Digilent JTAG-HS2 210249A0CF17"} -index 0
dow /home/gnaylor/Dropbox/N3workingG/TE0722Rebuild/N3Vivado/N3Z_TD_FIFO/N3Z_TD_FIFO.sdk/NicolaRadio/Debug/NicolaRadio.elf
----------------End of Script----------------

20:59:17 INFO  : Memory regions updated for context APU
20:59:17 INFO  : Context for processor 'ps7_cortexa9_0' is selected.
20:59:17 INFO  : 'con' command is executed.
20:59:17 INFO  : ----------------XSDB Script (After Launch)----------------
targets -set -nocase -filter {name =~ "ARM*#0" && jtag_cable_name =~ "Digilent JTAG-HS2 210249A0CF17"} -index 0
con
----------------End of Script----------------

20:59:17 INFO  : Launch script is exported to file '/home/gnaylor/Dropbox/N3workingG/TE0722Rebuild/N3Vivado/N3Z_TD_FIFO/N3Z_TD_FIFO.sdk/.sdk/launch_scripts/xilinx_c-c++_application_(system_debugger)/system_debugger_on_local_nicolaradio.elf.tcl'
21:16:30 INFO  : Disconnected from the channel tcfchan#1.
21:16:30 INFO  : Connected to target on host '127.0.0.1' and port '3121'.
21:16:31 INFO  : Jtag cable 'Digilent JTAG-HS2 210249A0CF17' is selected.
21:16:31 INFO  : 'jtag frequency' command is executed.
21:16:31 INFO  : Sourcing of '/home/gnaylor/Dropbox/N3workingG/TE0722Rebuild/N3Vivado/N3Z_TD_FIFO/N3Z_TD_FIFO.sdk/PS_PL_wrapper_hw_platform_0/ps7_init.tcl' is done.
21:16:31 INFO  : 'targets -set -filter {name =~"APU" && jtag_cable_name =~ "Digilent JTAG-HS2 210249A0CF17"} -index 0' command is executed.
21:16:31 INFO  : System reset is completed.
21:16:34 INFO  : 'after 3000' command is executed.
21:16:34 INFO  : 'targets -set -filter {jtag_cable_name =~ "Digilent JTAG-HS2 210249A0CF17" && level==0} -index 1' command is executed.
21:16:36 INFO  : FPGA configured successfully with bitstream "/home/gnaylor/Dropbox/N3workingG/TE0722Rebuild/N3Vivado/N3Z_TD_FIFO/N3Z_TD_FIFO.sdk/PS_PL_wrapper_hw_platform_0/PS_PL_wrapper.bit"
21:16:36 INFO  : 'targets -set -filter {name =~"APU" && jtag_cable_name =~ "Digilent JTAG-HS2 210249A0CF17"} -index 0' command is executed.
21:16:39 INFO  : Hardware design information is loaded from '/home/gnaylor/Dropbox/N3workingG/TE0722Rebuild/N3Vivado/N3Z_TD_FIFO/N3Z_TD_FIFO.sdk/PS_PL_wrapper_hw_platform_0/system.hdf'.
21:16:39 INFO  : 'targets -set -filter {name =~"APU" && jtag_cable_name =~ "Digilent JTAG-HS2 210249A0CF17"} -index 0' command is executed.
21:16:39 INFO  : 'ps7_init' command is executed.
21:16:39 INFO  : 'ps7_post_config' command is executed.
21:16:39 INFO  : Context for processor 'ps7_cortexa9_0' is selected.
21:16:40 INFO  : The application '/home/gnaylor/Dropbox/N3workingG/TE0722Rebuild/N3Vivado/N3Z_TD_FIFO/N3Z_TD_FIFO.sdk/NicolaRadio/Debug/NicolaRadio.elf' is downloaded to processor 'ps7_cortexa9_0'.
21:16:40 INFO  : ----------------XSDB Script----------------
connect -url tcp:127.0.0.1:3121
source /home/gnaylor/Dropbox/N3workingG/TE0722Rebuild/N3Vivado/N3Z_TD_FIFO/N3Z_TD_FIFO.sdk/PS_PL_wrapper_hw_platform_0/ps7_init.tcl
targets -set -filter {name =~"APU" && jtag_cable_name =~ "Digilent JTAG-HS2 210249A0CF17"} -index 0
rst -system
after 3000
targets -set -filter {jtag_cable_name =~ "Digilent JTAG-HS2 210249A0CF17" && level==0} -index 1
fpga -file /home/gnaylor/Dropbox/N3workingG/TE0722Rebuild/N3Vivado/N3Z_TD_FIFO/N3Z_TD_FIFO.sdk/PS_PL_wrapper_hw_platform_0/PS_PL_wrapper.bit
targets -set -filter {name =~"APU" && jtag_cable_name =~ "Digilent JTAG-HS2 210249A0CF17"} -index 0
loadhw /home/gnaylor/Dropbox/N3workingG/TE0722Rebuild/N3Vivado/N3Z_TD_FIFO/N3Z_TD_FIFO.sdk/PS_PL_wrapper_hw_platform_0/system.hdf
targets -set -filter {name =~"APU" && jtag_cable_name =~ "Digilent JTAG-HS2 210249A0CF17"} -index 0
ps7_init
ps7_post_config
targets -set -nocase -filter {name =~ "ARM*#0" && jtag_cable_name =~ "Digilent JTAG-HS2 210249A0CF17"} -index 0
dow /home/gnaylor/Dropbox/N3workingG/TE0722Rebuild/N3Vivado/N3Z_TD_FIFO/N3Z_TD_FIFO.sdk/NicolaRadio/Debug/NicolaRadio.elf
----------------End of Script----------------

21:16:40 INFO  : Memory regions updated for context APU
21:16:40 INFO  : Context for processor 'ps7_cortexa9_0' is selected.
21:16:40 INFO  : 'con' command is executed.
21:16:40 INFO  : ----------------XSDB Script (After Launch)----------------
targets -set -nocase -filter {name =~ "ARM*#0" && jtag_cable_name =~ "Digilent JTAG-HS2 210249A0CF17"} -index 0
con
----------------End of Script----------------

21:16:40 INFO  : Launch script is exported to file '/home/gnaylor/Dropbox/N3workingG/TE0722Rebuild/N3Vivado/N3Z_TD_FIFO/N3Z_TD_FIFO.sdk/.sdk/launch_scripts/xilinx_c-c++_application_(system_debugger)/system_debugger_on_local_nicolaradio.elf.tcl'
22:08:08 INFO  : Disconnected from the channel tcfchan#2.
22:08:09 ERROR : Unexpected error while parsing XMD response : com.google.gson.JsonSyntaxException: com.google.gson.stream.MalformedJsonException: invalid number or unquoted string near 
22:08:34 INFO  : Launching XSDB server: xsdb -n -interactive /home/gnaylor/Dropbox/N3workingG/TE0722Rebuild/N3Vivado/N3Z_TD_FIFO/N3Z_TD_FIFO.sdk/temp_xsdb_launch_script.tcl
22:08:35 INFO  : XSDB server has started successfully.
22:08:35 INFO  : Processing command line option -hwspec /home/gnaylor/Dropbox/N3workingG/TE0722Rebuild/N3Vivado/N3Z_TD_FIFO/N3Z_TD_FIFO.sdk/PS_PL_wrapper.hdf.
22:08:37 INFO  : Checking for hwspec changes in the project PS_PL_wrapper_hw_platform_0.
22:13:33 INFO  : Launching XSDB server: xsdb -n -interactive /home/gnaylor/Dropbox/N3workingG/TE0722Rebuild/N3Vivado/N3Z_TD_FIFO/N3Z_TD_FIFO.sdk/temp_xsdb_launch_script.tcl
22:13:34 INFO  : XSDB server has started successfully.
22:13:35 INFO  : Processing command line option -hwspec /home/gnaylor/Dropbox/N3workingG/TE0722Rebuild/N3Vivado/N3Z_TD_FIFO/N3Z_TD_FIFO.sdk/PS_PL_wrapper.hdf.
22:13:37 INFO  : Checking for hwspec changes in the project PS_PL_wrapper_hw_platform_0.
22:23:07 INFO  : Launching XSDB server: xsdb -n -interactive /home/gnaylor/Dropbox/N3workingG/TE0722Rebuild/N3Vivado/N3Z_TD_FIFO/N3Z_TD_FIFO.sdk/temp_xsdb_launch_script.tcl
22:23:08 INFO  : XSDB server has started successfully.
22:23:09 INFO  : Processing command line option -hwspec /home/gnaylor/Dropbox/N3workingG/TE0722Rebuild/N3Vivado/N3Z_TD_FIFO/N3Z_TD_FIFO.sdk/PS_PL_wrapper.hdf.
22:23:10 INFO  : Checking for hwspec changes in the project PS_PL_wrapper_hw_platform_0.
