Copyright 1986-2016 Xilinx, Inc. All Rights Reserved.
------------------------------------------------------------------------------------
| Tool Version : Vivado v.2016.2 (lin64) Build 1577090 Thu Jun  2 16:32:35 MDT 2016
| Date         : Mon Jul 24 13:50:37 2017
| Host         : F9316 running 64-bit Ubuntu 14.04.5 LTS
| Command      : upgrade_ip
| Device       : xc7z010clg225-1
------------------------------------------------------------------------------------

Upgrade Log for IP 'PS_PL_n3z_tonetest_0_0'

1. Summary
----------

SUCCESS in the upgrade of PS_PL_n3z_tonetest_0_0 (AssociationNicola:SysGen:n3z_tonetest:1.09) from (Rev. 131014443) to (Rev. 131809680)






Copyright 1986-2016 Xilinx, Inc. All Rights Reserved.
------------------------------------------------------------------------------------
| Tool Version : Vivado v.2016.2 (lin64) Build 1577090 Thu Jun  2 16:32:35 MDT 2016
| Date         : Sat Jul 15 09:09:46 2017
| Host         : F9316 running 64-bit Ubuntu 14.04.5 LTS
| Command      : upgrade_ip
| Device       : xc7z010clg225-1
------------------------------------------------------------------------------------

Upgrade Log for IP 'PS_PL_n3z_tonetest_0_0'

1. Summary
----------

SUCCESS in the upgrade of PS_PL_n3z_tonetest_0_0 (AssociationNicola:SysGen:n3z_tonetest:1.09) from (Rev. 130927902) to (Rev. 131014443)






Copyright 1986-2016 Xilinx, Inc. All Rights Reserved.
------------------------------------------------------------------------------------
| Tool Version : Vivado v.2016.2 (lin64) Build 1577090 Thu Jun  2 16:32:35 MDT 2016
| Date         : Fri Jul 14 08:55:58 2017
| Host         : F9316 running 64-bit Ubuntu 14.04.5 LTS
| Command      : upgrade_ip
| Device       : xc7z010clg225-1
------------------------------------------------------------------------------------

Upgrade Log for IP 'PS_PL_n3z_tonetest_0_0'

1. Summary
----------

CAUTION (success, with warnings) in the upgrade of PS_PL_n3z_tonetest_0_0 (AssociationNicola:SysGen:n3z_tonetest:1.09) from (Rev. 129906982) to (Rev. 130927902)

After upgrade, an IP may have parameter and port differences compared to the original customization. Please review the parameters within the IP customization GUI to ensure proper functionality. Also, please review the updated IP instantiation template to ensure proper connectivity, and update your design if required.

2. Connection Warnings
----------------------

Detected external port differences while upgrading 'PS_PL_n3z_tonetest_0_0'. These changes may impact your design.


-Upgraded port order differs after port 'datacounter'







Copyright 1986-2016 Xilinx, Inc. All Rights Reserved.
------------------------------------------------------------------------------------
| Tool Version : Vivado v.2016.2 (lin64) Build 1577090 Thu Jun  2 16:32:35 MDT 2016
| Date         : Sun Jul  2 19:17:02 2017
| Host         : F9316 running 64-bit Ubuntu 14.04.5 LTS
| Command      : upgrade_ip
| Device       : xc7z010clg225-1
------------------------------------------------------------------------------------

Upgrade Log for IP 'PS_PL_n3z_tonetest_0_0'

1. Summary
----------

CAUTION (success, with warnings) in the upgrade of PS_PL_n3z_tonetest_0_0 (AssociationNicola:SysGen:n3z_tonetest:1.09) from (Rev. 129682369) to (Rev. 129906982)

After upgrade, an IP may have parameter and port differences compared to the original customization. Please review the parameters within the IP customization GUI to ensure proper functionality. Also, please review the updated IP instantiation template to ensure proper connectivity, and update your design if required.

2. Connection Warnings
----------------------

Detected external port differences while upgrading 'PS_PL_n3z_tonetest_0_0'. These changes may impact your design.


-Upgraded port order differs after port 'keepon'







Copyright 1986-2016 Xilinx, Inc. All Rights Reserved.
------------------------------------------------------------------------------------
| Tool Version : Vivado v.2016.2 (lin64) Build 1577090 Thu Jun  2 16:32:35 MDT 2016
| Date         : Fri Jun 30 08:18:00 2017
| Host         : F9316 running 64-bit Ubuntu 14.04.5 LTS
| Command      : upgrade_ip
| Device       : xc7z010clg225-1
------------------------------------------------------------------------------------

Upgrade Log for IP 'PS_PL_n3z_tonetest_0_0'

1. Summary
----------

SUCCESS in the upgrade of PS_PL_n3z_tonetest_0_0 (AssociationNicola:SysGen:n3z_tonetest:1.09) from (Rev. 126781680) to (Rev. 129682369)






Copyright 1986-2016 Xilinx, Inc. All Rights Reserved.
------------------------------------------------------------------------------------
| Tool Version : Vivado v.2016.2 (lin64) Build 1577090 Thu Jun  2 16:32:35 MDT 2016
| Date         : Sat May 27 09:12:03 2017
| Host         : F9316 running 64-bit Ubuntu 14.04.5 LTS
| Command      : upgrade_ip
| Device       : xc7z010clg225-1
------------------------------------------------------------------------------------

Upgrade Log for IP 'PS_PL_n3z_tonetest_0_0'

1. Summary
----------

SUCCESS in the upgrade of PS_PL_n3z_tonetest_0_0 (AssociationNicola:SysGen:n3z_tonetest:1.09) from (Rev. 126569693) to (Rev. 126781680)






Copyright 1986-2016 Xilinx, Inc. All Rights Reserved.
------------------------------------------------------------------------------------
| Tool Version : Vivado v.2016.2 (lin64) Build 1577090 Thu Jun  2 16:32:35 MDT 2016
| Date         : Wed May 24 22:17:27 2017
| Host         : F9316 running 64-bit Ubuntu 14.04.5 LTS
| Command      : upgrade_ip
| Device       : xc7z010clg225-1
------------------------------------------------------------------------------------

Upgrade Log for IP 'PS_PL_n3z_tonetest_0_0'

1. Summary
----------

CAUTION (success, with warnings) in the upgrade of PS_PL_n3z_tonetest_0_0 (AssociationNicola:SysGen:n3z_tonetest:1.09) from (Rev. 126569172) to (Rev. 126569693)

After upgrade, an IP may have parameter and port differences compared to the original customization. Please review the parameters within the IP customization GUI to ensure proper functionality. Also, please review the updated IP instantiation template to ensure proper connectivity, and update your design if required.

2. Interface Information
------------------------

Detected external interface differences while upgrading 'PS_PL_n3z_tonetest_0_0'.


-Upgrade has removed interface 'n3zconfig'


3. Connection Warnings
----------------------

Detected external port differences while upgrading 'PS_PL_n3z_tonetest_0_0'. These changes may impact your design.


-Upgrade has removed port 'n3zconfig'







Copyright 1986-2016 Xilinx, Inc. All Rights Reserved.
------------------------------------------------------------------------------------
| Tool Version : Vivado v.2016.2 (lin64) Build 1577090 Thu Jun  2 16:32:35 MDT 2016
| Date         : Wed May 24 22:08:05 2017
| Host         : F9316 running 64-bit Ubuntu 14.04.5 LTS
| Command      : upgrade_ip
| Device       : xc7z010clg225-1
------------------------------------------------------------------------------------

Upgrade Log for IP 'PS_PL_n3z_tonetest_0_0'

1. Summary
----------

CAUTION (success, with warnings) in the upgrade of PS_PL_n3z_tonetest_0_0 (AssociationNicola:SysGen:n3z_tonetest:1.09) from (Rev. 125829083) to (Rev. 126569172)

After upgrade, an IP may have parameter and port differences compared to the original customization. Please review the parameters within the IP customization GUI to ensure proper functionality. Also, please review the updated IP instantiation template to ensure proper connectivity, and update your design if required.

2. Interface Information
------------------------

Detected external interface differences while upgrading 'PS_PL_n3z_tonetest_0_0'.


-Upgrade has added interface 'n3zconfig' (xilinx.com:signal:data:1.0)


3. Connection Warnings
----------------------

Detected external port differences while upgrading 'PS_PL_n3z_tonetest_0_0'. These changes may impact your design.


-Upgrade has added port 'n3zconfig'







Copyright 1986-2016 Xilinx, Inc. All Rights Reserved.
------------------------------------------------------------------------------------
| Tool Version : Vivado v.2016.2 (lin64) Build 1577090 Thu Jun  2 16:32:35 MDT 2016
| Date         : Tue May 16 11:29:56 2017
| Host         : F9316 running 64-bit unknown
| Command      : upgrade_ip
| Device       : xc7z010clg225-1
------------------------------------------------------------------------------------

Upgrade Log for IP 'PS_PL_n3z_tonetest_0_0'

1. Summary
----------

SUCCESS in the upgrade of PS_PL_n3z_tonetest_0_0 (AssociationNicola:SysGen:n3z_tonetest:1.09) from (Rev. 125788677) to (Rev. 125829083)






Copyright 1986-2016 Xilinx, Inc. All Rights Reserved.
------------------------------------------------------------------------------------
| Tool Version : Vivado v.2016.2 (lin64) Build 1577090 Thu Jun  2 16:32:35 MDT 2016
| Date         : Mon May 15 21:20:23 2017
| Host         : F9316 running 64-bit Ubuntu 14.04.5 LTS
| Command      : upgrade_ip
| Device       : xc7z010clg225-1
------------------------------------------------------------------------------------

Upgrade Log for IP 'PS_PL_n3z_tonetest_0_0'

1. Summary
----------

SUCCESS in the upgrade of PS_PL_n3z_tonetest_0_0 (AssociationNicola:SysGen:n3z_tonetest:1.09) from (Rev. 125682981) to (Rev. 125788677)






Copyright 1986-2016 Xilinx, Inc. All Rights Reserved.
------------------------------------------------------------------------------------
| Tool Version : Vivado v.2016.2 (lin64) Build 1577090 Thu Jun  2 16:32:35 MDT 2016
| Date         : Sun May 14 15:58:22 2017
| Host         : F9316 running 64-bit Ubuntu 14.04.5 LTS
| Command      : upgrade_ip
| Device       : xc7z010clg225-1
------------------------------------------------------------------------------------

Upgrade Log for IP 'PS_PL_n3z_tonetest_0_0'

1. Summary
----------

SUCCESS in the upgrade of PS_PL_n3z_tonetest_0_0 (AssociationNicola:SysGen:n3z_tonetest:1.09) from (Rev. 125677873) to (Rev. 125682981)






Copyright 1986-2016 Xilinx, Inc. All Rights Reserved.
------------------------------------------------------------------------------------
| Tool Version : Vivado v.2016.2 (lin64) Build 1577090 Thu Jun  2 16:32:35 MDT 2016
| Date         : Sun May 14 14:32:31 2017
| Host         : F9316 running 64-bit Ubuntu 14.04.5 LTS
| Command      : upgrade_ip
| Device       : xc7z010clg225-1
------------------------------------------------------------------------------------

Upgrade Log for IP 'PS_PL_n3z_tonetest_0_0'

1. Summary
----------

SUCCESS in the upgrade of PS_PL_n3z_tonetest_0_0 (AssociationNicola:SysGen:n3z_tonetest:1.09) from (Rev. 125275565) to (Rev. 125677873)






Copyright 1986-2016 Xilinx, Inc. All Rights Reserved.
------------------------------------------------------------------------------------
| Tool Version : Vivado v.2016.2 (lin64) Build 1577090 Thu Jun  2 16:32:35 MDT 2016
| Date         : Wed May 10 19:57:28 2017
| Host         : F9316 running 64-bit Ubuntu 14.04.5 LTS
| Command      : upgrade_ip
| Device       : xc7z010clg225-1
------------------------------------------------------------------------------------

Upgrade Log for IP 'PS_PL_n3z_tonetest_0_0'

1. Summary
----------

CAUTION (success, with warnings) in the upgrade of PS_PL_n3z_tonetest_0_0 (AssociationNicola:SysGen:n3z_tonetest:1.09) from (Rev. 123795166) to (Rev. 125275565)

After upgrade, an IP may have parameter and port differences compared to the original customization. Please review the parameters within the IP customization GUI to ensure proper functionality. Also, please review the updated IP instantiation template to ensure proper connectivity, and update your design if required.

2. Interface Information
------------------------

Detected external interface differences while upgrading 'PS_PL_n3z_tonetest_0_0'.


-Upgrade has removed interface 'attenuatoron'

-Upgrade has removed interface 'defaultfreq'

-Upgrade has removed interface 'dummy'


3. Connection Warnings
----------------------

Detected external port differences while upgrading 'PS_PL_n3z_tonetest_0_0'. These changes may impact your design.


-Upgrade has removed port 'attenuatoron'

-Upgrade has removed port 'defaultfreq'

-Upgrade has removed port 'dummy'







Copyright 1986-2016 Xilinx, Inc. All Rights Reserved.
------------------------------------------------------------------------------------
| Tool Version : Vivado v.2016.2 (lin64) Build 1577090 Thu Jun  2 16:32:35 MDT 2016
| Date         : Sat Apr 22 19:36:00 2017
| Host         : F9316 running 64-bit Ubuntu 14.04.5 LTS
| Command      : upgrade_ip
| Device       : xc7z010clg225-1
------------------------------------------------------------------------------------

Upgrade Log for IP 'PS_PL_n3z_tonetest_0_0'

1. Summary
----------

SUCCESS in the upgrade of PS_PL_n3z_tonetest_0_0 (AssociationNicola:SysGen:n3z_tonetest:1.09) from (Rev. 123719072) to (Rev. 123795166)






Copyright 1986-2016 Xilinx, Inc. All Rights Reserved.
------------------------------------------------------------------------------------
| Tool Version : Vivado v.2016.2 (lin64) Build 1577090 Thu Jun  2 16:32:35 MDT 2016
| Date         : Fri Apr 21 22:26:34 2017
| Host         : F9316 running 64-bit Ubuntu 14.04.5 LTS
| Command      : upgrade_ip
| Device       : xc7z010clg225-1
------------------------------------------------------------------------------------

Upgrade Log for IP 'PS_PL_n3z_tonetest_0_0'

1. Summary
----------

SUCCESS in the upgrade of PS_PL_n3z_tonetest_0_0 (AssociationNicola:SysGen:n3z_tonetest:1.09) from (Rev. 123711037) to (Rev. 123719072)






Copyright 1986-2016 Xilinx, Inc. All Rights Reserved.
------------------------------------------------------------------------------------
| Tool Version : Vivado v.2016.2 (lin64) Build 1577090 Thu Jun  2 16:32:35 MDT 2016
| Date         : Fri Apr 21 20:12:30 2017
| Host         : F9316 running 64-bit Ubuntu 14.04.5 LTS
| Command      : upgrade_ip
| Device       : xc7z010clg225-1
------------------------------------------------------------------------------------

Upgrade Log for IP 'PS_PL_n3z_tonetest_0_0'

1. Summary
----------

SUCCESS in the upgrade of PS_PL_n3z_tonetest_0_0 (AssociationNicola:SysGen:n3z_tonetest:1.09) from (Rev. 123701986) to (Rev. 123711037)






Copyright 1986-2016 Xilinx, Inc. All Rights Reserved.
------------------------------------------------------------------------------------
| Tool Version : Vivado v.2016.2 (lin64) Build 1577090 Thu Jun  2 16:32:35 MDT 2016
| Date         : Fri Apr 21 17:47:28 2017
| Host         : F9316 running 64-bit Ubuntu 14.04.5 LTS
| Command      : upgrade_ip
| Device       : xc7z010clg225-1
------------------------------------------------------------------------------------

Upgrade Log for IP 'PS_PL_n3z_tonetest_0_0'

1. Summary
----------

SUCCESS in the upgrade of PS_PL_n3z_tonetest_0_0 (AssociationNicola:SysGen:n3z_tonetest:1.09) from (Rev. 123548432) to (Rev. 123701986)






Copyright 1986-2016 Xilinx, Inc. All Rights Reserved.
------------------------------------------------------------------------------------
| Tool Version : Vivado v.2016.2 (lin64) Build 1577090 Thu Jun  2 16:32:35 MDT 2016
| Date         : Thu Apr 20 08:38:12 2017
| Host         : F9316 running 64-bit Ubuntu 14.04.5 LTS
| Command      : upgrade_ip
| Device       : xc7z010clg225-1
------------------------------------------------------------------------------------

Upgrade Log for IP 'PS_PL_n3z_tonetest_0_0'

1. Summary
----------

SUCCESS in the upgrade of PS_PL_n3z_tonetest_0_0 (AssociationNicola:SysGen:n3z_tonetest:1.09) from (Rev. 123327071) to (Rev. 123548432)






Copyright 1986-2016 Xilinx, Inc. All Rights Reserved.
------------------------------------------------------------------------------------
| Tool Version : Vivado v.2016.2 (lin64) Build 1577090 Thu Jun  2 16:32:35 MDT 2016
| Date         : Mon Apr 17 09:32:34 2017
| Host         : F9316 running 64-bit Ubuntu 14.04.5 LTS
| Command      : upgrade_ip
| Device       : xc7z010clg225-1
------------------------------------------------------------------------------------

Upgrade Log for IP 'PS_PL_n3z_tonetest_0_0'

1. Summary
----------

SUCCESS in the upgrade of PS_PL_n3z_tonetest_0_0 (AssociationNicola:SysGen:n3z_tonetest:1.09) from (Rev. 122759336) to (Rev. 123327071)






Copyright 1986-2016 Xilinx, Inc. All Rights Reserved.
------------------------------------------------------------------------------------
| Tool Version : Vivado v.2016.2 (lin64) Build 1577090 Thu Jun  2 16:32:35 MDT 2016
| Date         : Mon Apr 10 21:17:54 2017
| Host         : F9316 running 64-bit Ubuntu 14.04.5 LTS
| Command      : upgrade_ip
| Device       : xc7z010clg225-1
------------------------------------------------------------------------------------

Upgrade Log for IP 'PS_PL_n3z_tonetest_0_0'

1. Summary
----------

SUCCESS in the upgrade of PS_PL_n3z_tonetest_0_0 (AssociationNicola:SysGen:n3z_tonetest:1.09) from (Rev. 122583732) to (Rev. 122759336)






Copyright 1986-2016 Xilinx, Inc. All Rights Reserved.
------------------------------------------------------------------------------------
| Tool Version : Vivado v.2016.2 (lin64) Build 1577090 Thu Jun  2 16:32:35 MDT 2016
| Date         : Sat Apr  8 21:19:00 2017
| Host         : F9316 running 64-bit Ubuntu 14.04.5 LTS
| Command      : upgrade_ip
| Device       : xc7z010clg225-1
------------------------------------------------------------------------------------

Upgrade Log for IP 'PS_PL_n3z_tonetest_0_0'

1. Summary
----------

SUCCESS in the upgrade of PS_PL_n3z_tonetest_0_0 (AssociationNicola:SysGen:n3z_tonetest:1.09) from (Rev. 120497924) to (Rev. 122583732)






Copyright 1986-2016 Xilinx, Inc. All Rights Reserved.
------------------------------------------------------------------------------------
| Tool Version : Vivado v.2016.2 (lin64) Build 1577090 Thu Jun  2 16:32:35 MDT 2016
| Date         : Wed Mar 15 15:58:22 2017
| Host         : F9316 running 64-bit Ubuntu 14.04.5 LTS
| Command      : upgrade_ip
| Device       : xc7z010clg225-1
------------------------------------------------------------------------------------

Upgrade Log for IP 'PS_PL_n3z_tonetest_0_0'

1. Summary
----------

SUCCESS in the upgrade of PS_PL_n3z_tonetest_0_0 (AssociationNicola:SysGen:n3z_tonetest:1.09) from (Rev. 120386675) to (Rev. 120497924)






Copyright 1986-2016 Xilinx, Inc. All Rights Reserved.
------------------------------------------------------------------------------------
| Tool Version : Vivado v.2016.2 (lin64) Build 1577090 Thu Jun  2 16:32:35 MDT 2016
| Date         : Tue Mar 14 08:48:38 2017
| Host         : F9316 running 64-bit Ubuntu 14.04.5 LTS
| Command      : upgrade_ip
| Device       : xc7z010clg225-1
------------------------------------------------------------------------------------

Upgrade Log for IP 'PS_PL_n3z_tonetest_0_0'

1. Summary
----------

SUCCESS in the upgrade of PS_PL_n3z_tonetest_0_0 (AssociationNicola:SysGen:n3z_tonetest:1.09) from (Rev. 120156118) to (Rev. 120386675)






Copyright 1986-2016 Xilinx, Inc. All Rights Reserved.
------------------------------------------------------------------------------------
| Tool Version : Vivado v.2016.2 (lin64) Build 1577090 Thu Jun  2 16:32:35 MDT 2016
| Date         : Sat Mar 11 16:43:10 2017
| Host         : F9316 running 64-bit Ubuntu 14.04.5 LTS
| Command      : upgrade_ip
| Device       : xc7z010clg225-1
------------------------------------------------------------------------------------

Upgrade Log for IP 'PS_PL_n3z_tonetest_0_0'

1. Summary
----------

CAUTION (success, with warnings) in the upgrade of PS_PL_n3z_tonetest_0_0 (AssociationNicola:SysGen:n3z_tonetest:1.09) from (Rev. 119445892) to (Rev. 120156118)

After upgrade, an IP may have parameter and port differences compared to the original customization. Please review the parameters within the IP customization GUI to ensure proper functionality. Also, please review the updated IP instantiation template to ensure proper connectivity, and update your design if required.

2. Connection Warnings
----------------------

Detected external port differences while upgrading 'PS_PL_n3z_tonetest_0_0'. These changes may impact your design.


-Upgraded port order differs after port 'defaultfreq'







Copyright 1986-2016 Xilinx, Inc. All Rights Reserved.
------------------------------------------------------------------------------------
| Tool Version : Vivado v.2016.2 (lin64) Build 1577090 Thu Jun  2 16:32:35 MDT 2016
| Date         : Fri Mar  3 16:22:57 2017
| Host         : F9316 running 64-bit Ubuntu 14.04.5 LTS
| Command      : upgrade_ip
| Device       : xc7z010clg225-1
------------------------------------------------------------------------------------

Upgrade Log for IP 'PS_PL_n3z_tonetest_0_0'

1. Summary
----------

CAUTION (success, with warnings) in the upgrade of PS_PL_n3z_tonetest_0_0 (AssociationNicola:SysGen:n3z_tonetest:1.09) from (Rev. 118437336) to (Rev. 119445892)

After upgrade, an IP may have parameter and port differences compared to the original customization. Please review the parameters within the IP customization GUI to ensure proper functionality. Also, please review the updated IP instantiation template to ensure proper connectivity, and update your design if required.

2. Connection Warnings
----------------------

Detected external port differences while upgrading 'PS_PL_n3z_tonetest_0_0'. These changes may impact your design.


-Upgraded port 'n3z_tonetest_s_axi_araddr' width 5 differs from original width 3

-Upgraded port 'n3z_tonetest_s_axi_awaddr' width 5 differs from original width 3







Copyright 1986-2016 Xilinx, Inc. All Rights Reserved.
------------------------------------------------------------------------------------
| Tool Version : Vivado v.2016.2 (lin64) Build 1577090 Thu Jun  2 16:32:35 MDT 2016
| Date         : Sun Feb 19 19:20:55 2017
| Host         : F9316 running 64-bit Ubuntu 14.04.5 LTS
| Command      : upgrade_ip
| Device       : xc7z010clg225-1
------------------------------------------------------------------------------------

Upgrade Log for IP 'PS_PL_n3z_tonetest_0_0'

1. Summary
----------

SUCCESS in the upgrade of PS_PL_n3z_tonetest_0_0 (AssociationNicola:SysGen:n3z_tonetest:1.09) from (Rev. 117235652) to (Rev. 118437336)






Copyright 1986-2016 Xilinx, Inc. All Rights Reserved.
------------------------------------------------------------------------------------
| Tool Version : Vivado v.2016.2 (lin64) Build 1577090 Thu Jun  2 16:32:35 MDT 2016
| Date         : Mon Feb  6 19:53:07 2017
| Host         : F9316 running 64-bit Ubuntu 14.04.5 LTS
| Command      : upgrade_ip
| Device       : xc7z010clg225-1
------------------------------------------------------------------------------------

Upgrade Log for IP 'PS_PL_n3z_tonetest_0_0'

1. Summary
----------

SUCCESS in the upgrade of PS_PL_n3z_tonetest_0_0 (AssociationNicola:SysGen:n3z_tonetest:1.09) from (Rev. 115770231) to (Rev. 117235652)






Copyright 1986-2016 Xilinx, Inc. All Rights Reserved.
------------------------------------------------------------------------------------
| Tool Version : Vivado v.2016.2 (lin64) Build 1577090 Thu Jun  2 16:32:35 MDT 2016
| Date         : Fri Jan 20 07:24:13 2017
| Host         : TheBeast running 64-bit Ubuntu 16.04 LTS
| Command      : upgrade_ip
| Device       : xc7z010clg225-1
------------------------------------------------------------------------------------

Upgrade Log for IP 'PS_PL_n3z_tonetest_0_0'

1. Summary
----------

SUCCESS in the upgrade of PS_PL_n3z_tonetest_0_0 (AssociationNicola:SysGen:n3z_tonetest:1.09) from (Rev. 114980028) to (Rev. 115770231)






Copyright 1986-2016 Xilinx, Inc. All Rights Reserved.
------------------------------------------------------------------------------------
| Tool Version : Vivado v.2016.2 (lin64) Build 1577090 Thu Jun  2 16:32:35 MDT 2016
| Date         : Tue Jan 10 19:33:54 2017
| Host         : TheBeast running 64-bit Ubuntu 16.04 LTS
| Command      : upgrade_ip
| Device       : xc7z010clg225-1
------------------------------------------------------------------------------------

Upgrade Log for IP 'PS_PL_n3z_tonetest_0_0'

1. Summary
----------

SUCCESS in the upgrade of PS_PL_n3z_tonetest_0_0 (AssociationNicola:SysGen:n3z_tonetest:1.09) from (Rev. 114461045) to (Rev. 114980028)






Copyright 1986-2016 Xilinx, Inc. All Rights Reserved.
------------------------------------------------------------------------------------
| Tool Version : Vivado v.2016.2 (lin64) Build 1577090 Thu Jun  2 16:32:35 MDT 2016
| Date         : Wed Jan  4 19:35:28 2017
| Host         : TheBeast running 64-bit Ubuntu 16.04 LTS
| Command      : upgrade_ip
| Device       : xc7z010clg225-1
------------------------------------------------------------------------------------

Upgrade Log for IP 'PS_PL_n3z_tonetest_0_0'

1. Summary
----------

CAUTION (success, with warnings) in the upgrade of PS_PL_n3z_tonetest_0_0 (AssociationNicola:SysGen:n3z_tonetest:1.09) from (Rev. 114254456) to (Rev. 114461045)

After upgrade, an IP may have parameter and port differences compared to the original customization. Please review the parameters within the IP customization GUI to ensure proper functionality. Also, please review the updated IP instantiation template to ensure proper connectivity, and update your design if required.

2. Interface Information
------------------------

Detected external interface differences while upgrading 'PS_PL_n3z_tonetest_0_0'.


-Upgrade has added interface 'strobetones' (xilinx.com:signal:data:1.0)

-Upgrade has added interface 'td_portid' (xilinx.com:signal:data:1.0)


3. Connection Warnings
----------------------

Detected external port differences while upgrading 'PS_PL_n3z_tonetest_0_0'. These changes may impact your design.


-Upgrade has added port 'strobetones'

-Upgrade has added port 'td_portid'







Copyright 1986-2016 Xilinx, Inc. All Rights Reserved.
------------------------------------------------------------------------------------
| Tool Version : Vivado v.2016.2 (lin64) Build 1577090 Thu Jun  2 16:32:35 MDT 2016
| Date         : Mon Jan  2 09:36:40 2017
| Host         : TheBeast running 64-bit Ubuntu 16.04 LTS
| Command      : upgrade_ip
| Device       : xc7z010clg225-1
------------------------------------------------------------------------------------

Upgrade Log for IP 'PS_PL_n3z_tonetest_0_0'

1. Summary
----------

CAUTION (success, with warnings) in the upgrade of PS_PL_n3z_tonetest_0_0 (AssociationNicola:SysGen:n3z_tonetest:1.09) from (Rev. 114085473) to (Rev. 114254456)

After upgrade, an IP may have parameter and port differences compared to the original customization. Please review the parameters within the IP customization GUI to ensure proper functionality. Also, please review the updated IP instantiation template to ensure proper connectivity, and update your design if required.

2. Interface Information
------------------------

Detected external interface differences while upgrading 'PS_PL_n3z_tonetest_0_0'.


-Upgrade has added interface 'resetpicos' (xilinx.com:signal:data:1.0)


3. Connection Warnings
----------------------

Detected external port differences while upgrading 'PS_PL_n3z_tonetest_0_0'. These changes may impact your design.


-Upgrade has added port 'resetpicos'







Copyright 1986-2016 Xilinx, Inc. All Rights Reserved.
------------------------------------------------------------------------------------
| Tool Version : Vivado v.2016.2 (lin64) Build 1577090 Thu Jun  2 16:32:35 MDT 2016
| Date         : Sat Dec 31 10:34:47 2016
| Host         : TheBeast running 64-bit Ubuntu 16.04 LTS
| Command      : upgrade_ip
| Device       : xc7z010clg225-1
------------------------------------------------------------------------------------

Upgrade Log for IP 'PS_PL_n3z_tonetest_0_0'

1. Summary
----------

CAUTION (success, with warnings) in the upgrade of PS_PL_n3z_tonetest_0_0 (AssociationNicola:SysGen:n3z_tonetest:1.09) from (Rev. 114001238) to (Rev. 114085473)

After upgrade, an IP may have parameter and port differences compared to the original customization. Please review the parameters within the IP customization GUI to ensure proper functionality. Also, please review the updated IP instantiation template to ensure proper connectivity, and update your design if required.

2. Connection Warnings
----------------------

Detected external port differences while upgrading 'PS_PL_n3z_tonetest_0_0'. These changes may impact your design.


-Upgraded port order differs after port 'ledb'







Copyright 1986-2016 Xilinx, Inc. All Rights Reserved.
------------------------------------------------------------------------------------
| Tool Version : Vivado v.2016.2 (lin64) Build 1577090 Thu Jun  2 16:32:35 MDT 2016
| Date         : Fri Dec 30 11:27:30 2016
| Host         : TheBeast running 64-bit Ubuntu 16.04 LTS
| Command      : upgrade_ip
| Device       : xc7z010clg225-1
------------------------------------------------------------------------------------

Upgrade Log for IP 'PS_PL_n3z_tonetest_0_0'

1. Summary
----------

CAUTION (success, with warnings) in the upgrade of PS_PL_n3z_tonetest_0_0 (AssociationNicola:SysGen:n3z_tonetest:1.09) from (Rev. 113158945) to (Rev. 114001238)

After upgrade, an IP may have parameter and port differences compared to the original customization. Please review the parameters within the IP customization GUI to ensure proper functionality. Also, please review the updated IP instantiation template to ensure proper connectivity, and update your design if required.

2. Connection Warnings
----------------------

Detected external port differences while upgrading 'PS_PL_n3z_tonetest_0_0'. These changes may impact your design.


-Upgraded port order differs after port 'ledg'







Copyright 1986-2016 Xilinx, Inc. All Rights Reserved.
------------------------------------------------------------------------------------
| Tool Version : Vivado v.2016.2 (lin64) Build 1577090 Thu Jun  2 16:32:35 MDT 2016
| Date         : Wed Dec 28 08:54:08 2016
| Host         : TheBeast running 64-bit Ubuntu 16.04 LTS
| Command      : upgrade_ip
| Device       : xc7z010clg225-1
------------------------------------------------------------------------------------

Upgrade Log for IP 'PS_PL_n3z_tonetest_0_0'

1. Summary
----------

SUCCESS in the upgrade of PS_PL_n3z_tonetest_0_0 (AssociationNicola:SysGen:n3z_tonetest:1.09) from (Rev. 112747333) to (Rev. 113158945)






Copyright 1986-2016 Xilinx, Inc. All Rights Reserved.
------------------------------------------------------------------------------------
| Tool Version : Vivado v.2016.2 (lin64) Build 1577090 Thu Jun  2 16:32:35 MDT 2016
| Date         : Fri Dec 16 07:37:29 2016
| Host         : TheBeast running 64-bit Ubuntu 16.04 LTS
| Command      : upgrade_ip
| Device       : xc7z010clg225-1
------------------------------------------------------------------------------------

Upgrade Log for IP 'PS_PL_n3z_tonetest_0_0'

1. Summary
----------

CAUTION (success, with warnings) in the upgrade of PS_PL_n3z_tonetest_0_0 (AssociationNicola:SysGen:n3z_tonetest:1.09) from (Rev. 112286224) to (Rev. 112747333)

After upgrade, an IP may have parameter and port differences compared to the original customization. Please review the parameters within the IP customization GUI to ensure proper functionality. Also, please review the updated IP instantiation template to ensure proper connectivity, and update your design if required.

2. Interface Information
------------------------

Detected external interface differences while upgrading 'PS_PL_n3z_tonetest_0_0'.


-Upgrade has added interface 'dsppicoaddress' (xilinx.com:signal:data:1.0)

-Upgrade has added interface 'dsppicoinstruction' (xilinx.com:signal:data:1.0)

-Upgrade has added interface 'kppicoaddress' (xilinx.com:signal:data:1.0)

-Upgrade has added interface 'kppicoinstruction' (xilinx.com:signal:data:1.0)

-Upgrade has added interface 'tdpicoaddress' (xilinx.com:signal:data:1.0)

-Upgrade has added interface 'tdpicoinstruction' (xilinx.com:signal:data:1.0)

-Upgrade has added interface 'userpicoaddress' (xilinx.com:signal:data:1.0)

-Upgrade has added interface 'userpicoinstruction' (xilinx.com:signal:data:1.0)


3. Connection Warnings
----------------------

Detected external port differences while upgrading 'PS_PL_n3z_tonetest_0_0'. These changes may impact your design.


-Upgrade has added port 'dsppicoaddress'

-Upgrade has added port 'dsppicoinstruction'

-Upgrade has added port 'kppicoaddress'

-Upgrade has added port 'kppicoinstruction'

-Upgrade has added port 'tdpicoaddress'

-Upgrade has added port 'tdpicoinstruction'

-Upgrade has added port 'userpicoaddress'

-Upgrade has added port 'userpicoinstruction'







Copyright 1986-2016 Xilinx, Inc. All Rights Reserved.
------------------------------------------------------------------------------------
| Tool Version : Vivado v.2016.2 (lin64) Build 1577090 Thu Jun  2 16:32:35 MDT 2016
| Date         : Sat Dec 10 16:47:19 2016
| Host         : TheBeast running 64-bit Ubuntu 16.04 LTS
| Command      : upgrade_ip
| Device       : xc7z010clg225-1
------------------------------------------------------------------------------------

Upgrade Log for IP 'PS_PL_n3z_tonetest_0_0'

1. Summary
----------

SUCCESS in the upgrade of PS_PL_n3z_tonetest_0_0 (AssociationNicola:SysGen:n3z_tonetest:1.09) from (Rev. 112043545) to (Rev. 112286224)






Copyright 1986-2016 Xilinx, Inc. All Rights Reserved.
------------------------------------------------------------------------------------
| Tool Version : Vivado v.2016.2 (lin64) Build 1577090 Thu Jun  2 16:32:35 MDT 2016
| Date         : Wed Dec  7 20:14:10 2016
| Host         : TheBeast running 64-bit Ubuntu 16.04 LTS
| Command      : upgrade_ip
| Device       : xc7z010clg225-1
------------------------------------------------------------------------------------

Upgrade Log for IP 'PS_PL_n3z_tonetest_0_0'

1. Summary
----------

SUCCESS in the upgrade of PS_PL_n3z_tonetest_0_0 (AssociationNicola:SysGen:n3z_tonetest:1.09) from (Rev. 111620892) to (Rev. 112043545)






Copyright 1986-2016 Xilinx, Inc. All Rights Reserved.
------------------------------------------------------------------------------------
| Tool Version : Vivado v.2016.2 (lin64) Build 1577090 Thu Jun  2 16:32:35 MDT 2016
| Date         : Fri Dec  2 22:03:06 2016
| Host         : TheBeast running 64-bit Ubuntu 16.04 LTS
| Command      : upgrade_ip
| Device       : xc7z010clg225-1
------------------------------------------------------------------------------------

Upgrade Log for IP 'PS_PL_n3z_tonetest_0_0'

1. Summary
----------

SUCCESS in the upgrade of PS_PL_n3z_tonetest_0_0 (AssociationNicola:SysGen:n3z_tonetest:1.09) from (Rev. 111535858) to (Rev. 111620892)






Copyright 1986-2016 Xilinx, Inc. All Rights Reserved.
------------------------------------------------------------------------------------
| Tool Version : Vivado v.2016.2 (lin64) Build 1577090 Thu Jun  2 16:32:35 MDT 2016
| Date         : Thu Dec  1 22:50:00 2016
| Host         : graham-Latitude-E5500 running 64-bit Ubuntu 14.04.3 LTS
| Command      : upgrade_ip
| Device       : xc7z010clg225-1
------------------------------------------------------------------------------------

Upgrade Log for IP 'PS_PL_n3z_tonetest_0_0'

1. Summary
----------

CAUTION (success, with warnings) in the upgrade of PS_PL_n3z_tonetest_0_0 (AssociationNicola:SysGen:n3z_tonetest:1.09) from (Rev. 111444017) to (Rev. 111535858)

After upgrade, an IP may have parameter and port differences compared to the original customization. Please review the parameters within the IP customization GUI to ensure proper functionality. Also, please review the updated IP instantiation template to ensure proper connectivity, and update your design if required.

2. Interface Information
------------------------

Detected external interface differences while upgrading 'PS_PL_n3z_tonetest_0_0'.


-Upgrade has removed interface 'datafromarm'

-Upgrade has removed interface 'datafromarmvalid'

-Upgrade has removed interface 'inputrs'

-Upgrade has removed interface 'picoinstruction'

-Upgrade has removed interface 'picoportselect'

-Upgrade has added interface 'datacounter' (xilinx.com:signal:data:1.0)


3. Connection Warnings
----------------------

Detected external port differences while upgrading 'PS_PL_n3z_tonetest_0_0'. These changes may impact your design.


-Upgrade has removed port 'datafromarm'

-Upgrade has removed port 'datafromarmvalid'

-Upgrade has removed port 'inputrs'

-Upgrade has removed port 'picoinstruction'

-Upgrade has removed port 'picoportselect'

-Upgrade has added port 'datacounter'







Copyright 1986-2016 Xilinx, Inc. All Rights Reserved.
------------------------------------------------------------------------------------
| Tool Version : Vivado v.2016.2 (lin64) Build 1577090 Thu Jun  2 16:32:35 MDT 2016
| Date         : Wed Nov 30 21:21:15 2016
| Host         : TheBeast running 64-bit Ubuntu 16.04 LTS
| Command      : upgrade_ip
| Device       : xc7z010clg225-1
------------------------------------------------------------------------------------

Upgrade Log for IP 'PS_PL_n3z_tonetest_0_0'

1. Summary
----------

CAUTION (success, with warnings) in the upgrade of PS_PL_n3z_tonetest_0_0 (AssociationNicola:SysGen:n3z_tonetest:1.09) from (Rev. 111356396) to (Rev. 111444017)

After upgrade, an IP may have parameter and port differences compared to the original customization. Please review the parameters within the IP customization GUI to ensure proper functionality. Also, please review the updated IP instantiation template to ensure proper connectivity, and update your design if required.

2. Connection Warnings
----------------------

Detected external port differences while upgrading 'PS_PL_n3z_tonetest_0_0'. These changes may impact your design.


-Upgraded port order differs after port 'datafromarm'







Copyright 1986-2016 Xilinx, Inc. All Rights Reserved.
------------------------------------------------------------------------------------
| Tool Version : Vivado v.2016.2 (lin64) Build 1577090 Thu Jun  2 16:32:35 MDT 2016
| Date         : Tue Nov 29 22:11:51 2016
| Host         : TheBeast running 64-bit Ubuntu 16.04 LTS
| Command      : upgrade_ip
| Device       : xc7z010clg225-1
------------------------------------------------------------------------------------

Upgrade Log for IP 'PS_PL_n3z_tonetest_0_0'

1. Summary
----------

CAUTION (success, with warnings) in the upgrade of PS_PL_n3z_tonetest_0_0 (AssociationNicola:SysGen:n3z_tonetest:1.09) from (Rev. 111277872) to (Rev. 111356396)

After upgrade, an IP may have parameter and port differences compared to the original customization. Please review the parameters within the IP customization GUI to ensure proper functionality. Also, please review the updated IP instantiation template to ensure proper connectivity, and update your design if required.

2. Interface Information
------------------------

Detected external interface differences while upgrading 'PS_PL_n3z_tonetest_0_0'.


-Upgrade has added interface 'datafromarm' (xilinx.com:signal:data:1.0)

-Upgrade has added interface 'inputrs' (xilinx.com:signal:data:1.0)

-Upgrade has added interface 'picoinstruction' (xilinx.com:signal:data:1.0)


3. Connection Warnings
----------------------

Detected external port differences while upgrading 'PS_PL_n3z_tonetest_0_0'. These changes may impact your design.


-Upgrade has added port 'datafromarm'

-Upgrade has added port 'inputrs'

-Upgrade has added port 'picoinstruction'







Copyright 1986-2016 Xilinx, Inc. All Rights Reserved.
------------------------------------------------------------------------------------
| Tool Version : Vivado v.2016.2 (lin64) Build 1577090 Thu Jun  2 16:32:35 MDT 2016
| Date         : Mon Nov 28 22:43:15 2016
| Host         : TheBeast running 64-bit Ubuntu 16.04 LTS
| Command      : upgrade_ip
| Device       : xc7z010clg225-1
------------------------------------------------------------------------------------

Upgrade Log for IP 'PS_PL_n3z_tonetest_0_0'

1. Summary
----------

CAUTION (success, with warnings) in the upgrade of PS_PL_n3z_tonetest_0_0 (AssociationNicola:SysGen:n3z_tonetest:1.09) from (Rev. 111269802) to (Rev. 111277872)

After upgrade, an IP may have parameter and port differences compared to the original customization. Please review the parameters within the IP customization GUI to ensure proper functionality. Also, please review the updated IP instantiation template to ensure proper connectivity, and update your design if required.

2. Interface Information
------------------------

Detected external interface differences while upgrading 'PS_PL_n3z_tonetest_0_0'.


-Upgrade has removed interface 'datafromarm'

-Upgrade has added interface 'picoportselect' (xilinx.com:signal:data:1.0)


3. Connection Warnings
----------------------

Detected external port differences while upgrading 'PS_PL_n3z_tonetest_0_0'. These changes may impact your design.


-Upgrade has removed port 'datafromarm'

-Upgrade has added port 'picoportselect'







Copyright 1986-2016 Xilinx, Inc. All Rights Reserved.
------------------------------------------------------------------------------------
| Tool Version : Vivado v.2016.2 (lin64) Build 1577090 Thu Jun  2 16:32:35 MDT 2016
| Date         : Mon Nov 28 20:54:46 2016
| Host         : TheBeast running 64-bit Ubuntu 16.04 LTS
| Command      : upgrade_ip
| Device       : xc7z010clg225-1
------------------------------------------------------------------------------------

Upgrade Log for IP 'PS_PL_n3z_tonetest_0_0'

1. Summary
----------

CAUTION (success, with warnings) in the upgrade of PS_PL_n3z_tonetest_0_0 (AssociationNicola:SysGen:n3z_tonetest:1.09) from (Rev. 111189327) to (Rev. 111269802)

After upgrade, an IP may have parameter and port differences compared to the original customization. Please review the parameters within the IP customization GUI to ensure proper functionality. Also, please review the updated IP instantiation template to ensure proper connectivity, and update your design if required.

2. Interface Information
------------------------

Detected external interface differences while upgrading 'PS_PL_n3z_tonetest_0_0'.


-Upgrade has added interface 'datafromarmvalid' (xilinx.com:signal:data:1.0)


3. Connection Warnings
----------------------

Detected external port differences while upgrading 'PS_PL_n3z_tonetest_0_0'. These changes may impact your design.


-Upgrade has added port 'datafromarmvalid'







Copyright 1986-2016 Xilinx, Inc. All Rights Reserved.
------------------------------------------------------------------------------------
| Tool Version : Vivado v.2016.2 (lin64) Build 1577090 Thu Jun  2 16:32:35 MDT 2016
| Date         : Sun Nov 27 22:02:30 2016
| Host         : TheBeast running 64-bit Ubuntu 16.04 LTS
| Command      : upgrade_ip
| Device       : xc7z010clg225-1
------------------------------------------------------------------------------------

Upgrade Log for IP 'PS_PL_n3z_tonetest_0_0'

1. Summary
----------

CAUTION (success, with warnings) in the upgrade of PS_PL_n3z_tonetest_0_0 (AssociationNicola:SysGen:n3z_tonetest:1.09) from (Rev. 111180076) to (Rev. 111189327)

After upgrade, an IP may have parameter and port differences compared to the original customization. Please review the parameters within the IP customization GUI to ensure proper functionality. Also, please review the updated IP instantiation template to ensure proper connectivity, and update your design if required.

2. Interface Information
------------------------

Detected external interface differences while upgrading 'PS_PL_n3z_tonetest_0_0'.


-Upgrade has added interface 'datafromarm' (xilinx.com:signal:data:1.0)


3. Connection Warnings
----------------------

Detected external port differences while upgrading 'PS_PL_n3z_tonetest_0_0'. These changes may impact your design.


-Upgrade has added port 'datafromarm'







Copyright 1986-2016 Xilinx, Inc. All Rights Reserved.
------------------------------------------------------------------------------------
| Tool Version : Vivado v.2016.2 (lin64) Build 1577090 Thu Jun  2 16:32:35 MDT 2016
| Date         : Sun Nov 27 19:29:58 2016
| Host         : TheBeast running 64-bit Ubuntu 16.04 LTS
| Command      : upgrade_ip
| Device       : xc7z010clg225-1
------------------------------------------------------------------------------------

Upgrade Log for IP 'PS_PL_n3z_tonetest_0_0'

1. Summary
----------

SUCCESS in the upgrade of PS_PL_n3z_tonetest_0_0 (AssociationNicola:SysGen:n3z_tonetest:1.09) from (Rev. 110809381) to (Rev. 111180076)






Copyright 1986-2016 Xilinx, Inc. All Rights Reserved.
------------------------------------------------------------------------------------
| Tool Version : Vivado v.2016.2 (lin64) Build 1577090 Thu Jun  2 16:32:35 MDT 2016
| Date         : Wed Nov 23 20:18:30 2016
| Host         : graham-Latitude-E5500 running 64-bit Ubuntu 14.04.3 LTS
| Command      : upgrade_ip
| Device       : xc7z010clg225-1
------------------------------------------------------------------------------------

Upgrade Log for IP 'PS_PL_n3z_tonetest_0_0'

1. Summary
----------

SUCCESS in the upgrade of PS_PL_n3z_tonetest_0_0 (AssociationNicola:SysGen:n3z_tonetest:1.09) from (Rev. 110369034) to (Rev. 110809381)






Copyright 1986-2016 Xilinx, Inc. All Rights Reserved.
------------------------------------------------------------------------------------
| Tool Version : Vivado v.2016.2 (lin64) Build 1577090 Thu Jun  2 16:32:35 MDT 2016
| Date         : Fri Nov 18 13:06:49 2016
| Host         : graham-Latitude-E5500 running 64-bit Ubuntu 14.04.3 LTS
| Command      : upgrade_ip
| Device       : xc7z010clg225-1
------------------------------------------------------------------------------------

Upgrade Log for IP 'PS_PL_n3z_tonetest_0_0'

1. Summary
----------

CAUTION (success, with warnings) in the upgrade of PS_PL_n3z_tonetest_0_0 (AssociationNicola:SysGen:n3z_tonetest:1.09) from (Rev. 110147931) to (Rev. 110369034)

After upgrade, an IP may have parameter and port differences compared to the original customization. Please review the parameters within the IP customization GUI to ensure proper functionality. Also, please review the updated IP instantiation template to ensure proper connectivity, and update your design if required.

2. Connection Warnings
----------------------

Detected external port differences while upgrading 'PS_PL_n3z_tonetest_0_0'. These changes may impact your design.


-Upgraded port 'n3z_tonetest_s_axi_araddr' width 3 differs from original width 1

-Upgraded port 'n3z_tonetest_s_axi_awaddr' width 3 differs from original width 1

-Upgraded port 'stream_tdata' width 32 differs from original width 16







Copyright 1986-2016 Xilinx, Inc. All Rights Reserved.
------------------------------------------------------------------------------------
| Tool Version : Vivado v.2016.2 (lin64) Build 1577090 Thu Jun  2 16:32:35 MDT 2016
| Date         : Tue Nov 15 21:42:12 2016
| Host         : graham-Latitude-E5500 running 64-bit Ubuntu 14.04.3 LTS
| Command      : upgrade_ip
| Device       : xc7z010clg225-1
------------------------------------------------------------------------------------

Upgrade Log for IP 'PS_PL_n3z_tonetest_0_0'

1. Summary
----------

CAUTION (success, with warnings) in the upgrade of PS_PL_n3z_tonetest_0_0 (AssociationNicola:SysGen:n3z_tonetest:1.09) from (Rev. 109029444) to (Rev. 110147931)

After upgrade, an IP may have parameter and port differences compared to the original customization. Please review the parameters within the IP customization GUI to ensure proper functionality. Also, please review the updated IP instantiation template to ensure proper connectivity, and update your design if required.

2. Connection Warnings
----------------------

Detected external port differences while upgrading 'PS_PL_n3z_tonetest_0_0'. These changes may impact your design.


-Upgrade has added port 'stream_tready'







Copyright 1986-2016 Xilinx, Inc. All Rights Reserved.
------------------------------------------------------------------------------------
| Tool Version : Vivado v.2016.2 (lin64) Build 1577090 Thu Jun  2 16:32:35 MDT 2016
| Date         : Wed Nov  2 22:49:37 2016
| Host         : TheBeast running 64-bit Ubuntu 16.04 LTS
| Command      : upgrade_ip
| Device       : xc7z010clg225-1
------------------------------------------------------------------------------------

Upgrade Log for IP 'PS_PL_n3z_tonetest_0_0'

1. Summary
----------

CAUTION (success, with warnings) in the upgrade of PS_PL_n3z_tonetest_0_0 (AssociationNicola:SysGen:n3z_tonetest:1.09) from (Rev. 108653347) to (Rev. 109029444)

After upgrade, an IP may have parameter and port differences compared to the original customization. Please review the parameters within the IP customization GUI to ensure proper functionality. Also, please review the updated IP instantiation template to ensure proper connectivity, and update your design if required.

2. Connection Warnings
----------------------

Detected external port differences while upgrading 'PS_PL_n3z_tonetest_0_0'. These changes may impact your design.


-Upgraded port order differs after port 'pl2ps_tready'







Copyright 1986-2016 Xilinx, Inc. All Rights Reserved.
------------------------------------------------------------------------------------
| Tool Version : Vivado v.2016.2 (lin64) Build 1577090 Thu Jun  2 16:32:35 MDT 2016
| Date         : Sat Oct 29 19:57:44 2016
| Host         : TheBeast running 64-bit Ubuntu 16.04 LTS
| Command      : upgrade_ip
| Device       : xc7z010clg225-1
------------------------------------------------------------------------------------

Upgrade Log for IP 'PS_PL_n3z_tonetest_0_0'

1. Summary
----------

CAUTION (success, with warnings) in the upgrade of PS_PL_n3z_tonetest_0_0 (AssociationNicola:SysGen:n3z_tonetest:1.09) from (Rev. 108247041) to (Rev. 108653347)

After upgrade, an IP may have parameter and port differences compared to the original customization. Please review the parameters within the IP customization GUI to ensure proper functionality. Also, please review the updated IP instantiation template to ensure proper connectivity, and update your design if required.

2. Interface Information
------------------------

Detected external interface differences while upgrading 'PS_PL_n3z_tonetest_0_0'.


-Upgrade has removed interface 'bram_addr'

-Upgrade has removed interface 'bram_data'

-Upgrade has removed interface 'bram_w'

-Upgrade has added interface 'pl2ps' (xilinx.com:interface:axis:1.0)

-Upgrade has added interface 'ps2pl' (xilinx.com:interface:axis:1.0)

-Upgrade has added interface 'stream' (xilinx.com:interface:axis:1.0)


3. Connection Warnings
----------------------

Detected external port differences while upgrading 'PS_PL_n3z_tonetest_0_0'. These changes may impact your design.


-Upgrade has removed port 'bram_addr'

-Upgrade has removed port 'bram_data'

-Upgrade has removed port 'bram_w'

-Upgraded port 'n3z_tonetest_s_axi_araddr' width 1 differs from original width 4

-Upgraded port 'n3z_tonetest_s_axi_awaddr' width 1 differs from original width 4

-Upgrade has added port 'pl2ps_tdata'

-Upgrade has added port 'pl2ps_tlast'

-Upgrade has added port 'pl2ps_tready'

-Upgrade has added port 'pl2ps_tvalid'

-Upgrade has added port 'ps2pl_tdata'

-Upgrade has added port 'ps2pl_tready'

-Upgrade has added port 'ps2pl_tvalid'

-Upgrade has added port 'stream_tdata'

-Upgrade has added port 'stream_tlast'

-Upgrade has added port 'stream_tvalid'







Copyright 1986-2016 Xilinx, Inc. All Rights Reserved.
------------------------------------------------------------------------------------
| Tool Version : Vivado v.2016.2 (lin64) Build 1577090 Thu Jun  2 16:32:35 MDT 2016
| Date         : Mon Oct 24 22:06:40 2016
| Host         : TheBeast running 64-bit Ubuntu 16.04 LTS
| Command      : upgrade_ip
| Device       : xc7z010clg225-1
------------------------------------------------------------------------------------

Upgrade Log for IP 'PS_PL_n3z_tonetest_0_0'

1. Summary
----------

CAUTION (success, with warnings) in the upgrade of PS_PL_n3z_tonetest_0_0 from AssociationNicola:SysGen:n3z_tonetest:1.08 (Rev. 106228038) to AssociationNicola:SysGen:n3z_tonetest:1.09 (Rev. 108247041)

After upgrade, an IP may have parameter and port differences compared to the original customization. Please review the parameters within the IP customization GUI to ensure proper functionality. Also, please review the updated IP instantiation template to ensure proper connectivity, and update your design if required.

2. Interface Information
------------------------

Detected external interface differences while upgrading 'PS_PL_n3z_tonetest_0_0'.


-Upgrade has removed interface 'bram_signal_data'

-Upgrade has removed interface 'rs232_from_bt'

-Upgrade has removed interface 'rs232_to_bt'

-Upgrade has removed interface 'rs232rx'

-Upgrade has removed interface 'rs232tx'

-Upgrade has removed interface 'rst_bb'

-Upgrade has removed interface 'signal_clock'

-Upgrade has removed interface 'signallevel'

-Upgrade has added interface 'bram_data' (xilinx.com:signal:data:1.0)

-Upgrade has added interface 'clk' (xilinx.com:signal:clock:1.0)


3. Connection Warnings
----------------------

Detected external port differences while upgrading 'PS_PL_n3z_tonetest_0_0'. These changes may impact your design.


-Upgraded port 'n3z_tonetest_s_axi_araddr' width 4 differs from original width 5

-Upgraded port 'n3z_tonetest_s_axi_awaddr' width 4 differs from original width 5

-Upgrade has removed port 'rs232_from_bt'

-Upgrade has removed port 'rs232_to_bt'

-Upgrade has removed port 'rs232rx'

-Upgrade has removed port 'rs232tx'

-Upgrade has removed port 'rst_bb'

-Upgrade has removed port 'signallevel'


